This file contains any messages produced by compilers while
running configure, to aid debugging if configure makes a mistake.

It was created by configure, which was
generated by GNU Autoconf 2.69.  Invocation command line was

  $ /home/desimonie/.bbxb/wsl-kernel/sources/toolchain/gcc-12.2.0/configure --build=x86_64-redhat-linux --host=x86_64-redhat-linux --target=x86_64-linux-gnu --enable-targets=x86_64-linux-gnu --with-arch-directory=x86_64 --with-arch=x86-64-v4 --prefix=/home/desimonie/.bbxb/wsl-kernel/generic_x64/toolchain build_configargs= host_configargs= target_configargs=

## --------- ##
## Platform. ##
## --------- ##

hostname = WLBLQ25199
uname -m = x86_64
uname -r = 5.10.93-microsoft-standard-WSL2
uname -s = Linux
uname -v = #1 SMP Wed Feb 16 09:51:04 CET 2022

/usr/bin/uname -p = x86_64
/bin/uname -X     = unknown

/bin/arch              = x86_64
/usr/bin/arch -k       = unknown
/usr/convex/getsysinfo = unknown
/usr/bin/hostinfo      = unknown
/bin/machine           = unknown
/usr/bin/oslevel       = unknown
/bin/universe          = unknown

PATH: /home/desimonie/.bbxb/wsl-kernel/generic_x64/toolchain/bin
PATH: /home/desimonie/.local/bin
PATH: /home/desimonie/bin
PATH: /usr/lib64/ccache
PATH: /usr/local/sbin
PATH: /usr/local/bin
PATH: /usr/sbin
PATH: /usr/bin
PATH: /sbin
PATH: /bin
PATH: /usr/games
PATH: /usr/local/games
PATH: /usr/lib/wsl/lib
PATH: /mnt/c/Program Files/WindowsApps/Microsoft.WindowsTerminal_1.14.2281.0_x64__8wekyb3d8bbwe
PATH: /mnt/c/Program Files (x86)/Common Files/Oracle/Java/javapath
PATH: /mnt/c/WINDOWS/system32
PATH: /mnt/c/WINDOWS
PATH: /mnt/c/WINDOWS/System32/Wbem
PATH: /mnt/c/WINDOWS/System32/WindowsPowerShell/v1.0/
PATH: /mnt/c/WINDOWS/System32/OpenSSH/
PATH: /mnt/c/Program Files/Git/cmd
PATH: /mnt/c/Program Files/dotnet/
PATH: /mnt/c/Users/desimonie/AppData/Local/Microsoft/WindowsApps
PATH: /mnt/c/Users/desimonie/AppData/Local/Programs/Microsoft VS Code/bin


## ----------- ##
## Core tests. ##
## ----------- ##

configure:2378: checking build system type
configure:2392: result: x86_64-redhat-linux-gnu
configure:2439: checking host system type
configure:2452: result: x86_64-redhat-linux-gnu
configure:2472: checking target system type
configure:2485: result: x86_64-pc-linux-gnu
configure:2539: checking for a BSD-compatible install
configure:2607: result: /usr/bin/install -c
configure:2618: checking whether ln works
configure:2640: result: yes
configure:2644: checking whether ln -s works
configure:2648: result: yes
configure:2655: checking for a sed that does not truncate output
configure:2719: result: /usr/bin/sed
configure:2728: checking for gawk
configure:2744: found /usr/bin/gawk
configure:2755: result: gawk
configure:3256: checking for libatomic support
configure:3266: result: yes
configure:3294: checking for libitm support
configure:3304: result: yes
configure:3313: checking for libsanitizer support
configure:3323: result: yes
configure:3332: checking for libvtv support
configure:3342: result: yes
configure:3462: checking for libphobos support
configure:3472: result: yes
configure:4144: checking for x86_64-redhat-linux-gcc
configure:4171: result: /usr/lib64/ccache/x86_64-redhat-linux-gcc
configure:4440: checking for C compiler version
configure:4449: /usr/lib64/ccache/x86_64-redhat-linux-gcc --version >&5
x86_64-redhat-linux-gcc (GCC) 12.2.1 20220819 (Red Hat 12.2.1-1)
Copyright (C) 2022 Free Software Foundation, Inc.
This is free software; see the source for copying conditions.  There is NO
warranty; not even for MERCHANTABILITY or FITNESS FOR A PARTICULAR PURPOSE.

configure:4460: $? = 0
configure:4449: /usr/lib64/ccache/x86_64-redhat-linux-gcc -v >&5
Using built-in specs.
COLLECT_GCC=/usr/bin/x86_64-redhat-linux-gcc
COLLECT_LTO_WRAPPER=/usr/libexec/gcc/x86_64-redhat-linux/12/lto-wrapper
OFFLOAD_TARGET_NAMES=nvptx-none
OFFLOAD_TARGET_DEFAULT=1
Target: x86_64-redhat-linux
Configured with: ../configure --enable-bootstrap --enable-languages=c,c++,fortran,objc,obj-c++,ada,go,d,lto --prefix=/usr --mandir=/usr/share/man --infodir=/usr/share/info --with-bugurl=http://bugzilla.redhat.com/bugzilla --enable-shared --enable-threads=posix --enable-checking=release --enable-multilib --with-system-zlib --enable-__cxa_atexit --disable-libunwind-exceptions --enable-gnu-unique-object --enable-linker-build-id --with-gcc-major-version-only --enable-libstdcxx-backtrace --with-linker-hash-style=gnu --enable-plugin --enable-initfini-array --with-isl=/builddir/build/BUILD/gcc-12.2.1-20220819/obj-x86_64-redhat-linux/isl-install --enable-offload-targets=nvptx-none --without-cuda-driver --enable-offload-defaulted --enable-gnu-indirect-function --enable-cet --with-tune=generic --with-arch_32=i686 --build=x86_64-redhat-linux --with-build-config=bootstrap-lto --enable-link-serialization=1
Thread model: posix
Supported LTO compression algorithms: zlib zstd
gcc version 12.2.1 20220819 (Red Hat 12.2.1-1) (GCC) 
... rest of stderr output deleted ...
configure:4460: $? = 0
configure:4449: /usr/lib64/ccache/x86_64-redhat-linux-gcc -V >&5
x86_64-redhat-linux-gcc: error: unrecognized command-line option '-V'
x86_64-redhat-linux-gcc: fatal error: no input files
compilation terminated.
configure:4460: $? = 1
configure:4449: /usr/lib64/ccache/x86_64-redhat-linux-gcc -qversion >&5
x86_64-redhat-linux-gcc: error: unrecognized command-line option '-qversion'; did you mean '--version'?
x86_64-redhat-linux-gcc: fatal error: no input files
compilation terminated.
configure:4460: $? = 1
configure:4480: checking whether the C compiler works
configure:4502: /usr/lib64/ccache/x86_64-redhat-linux-gcc  -march=native -O3   conftest.c  >&5
configure:4506: $? = 0
configure:4554: result: yes
configure:4557: checking for C compiler default output file name
configure:4559: result: a.out
configure:4565: checking for suffix of executables
configure:4572: /usr/lib64/ccache/x86_64-redhat-linux-gcc -o conftest  -march=native -O3   conftest.c  >&5
configure:4576: $? = 0
configure:4598: result: 
configure:4620: checking whether we are cross compiling
configure:4628: /usr/lib64/ccache/x86_64-redhat-linux-gcc -o conftest  -march=native -O3   conftest.c  >&5
configure:4632: $? = 0
configure:4639: ./conftest
configure:4643: $? = 0
configure:4658: result: no
configure:4663: checking for suffix of object files
configure:4685: /usr/lib64/ccache/x86_64-redhat-linux-gcc -c  -march=native -O3  conftest.c >&5
configure:4689: $? = 0
configure:4710: result: o
configure:4714: checking whether we are using the GNU C compiler
configure:4733: /usr/lib64/ccache/x86_64-redhat-linux-gcc -c  -march=native -O3  conftest.c >&5
configure:4733: $? = 0
configure:4742: result: yes
configure:4751: checking whether /usr/lib64/ccache/x86_64-redhat-linux-gcc accepts -g
configure:4771: /usr/lib64/ccache/x86_64-redhat-linux-gcc -c -g  conftest.c >&5
configure:4771: $? = 0
configure:4812: result: yes
configure:4829: checking for /usr/lib64/ccache/x86_64-redhat-linux-gcc option to accept ISO C89
configure:4892: /usr/lib64/ccache/x86_64-redhat-linux-gcc  -c  -march=native -O3  conftest.c >&5
configure:4892: $? = 0
configure:4905: result: none needed
configure:4925: checking for /usr/lib64/ccache/x86_64-redhat-linux-gcc option to accept ISO C99
configure:5074: /usr/lib64/ccache/x86_64-redhat-linux-gcc  -c  -march=native -O3  conftest.c >&5
configure:5074: $? = 0
configure:5087: result: none needed
configure:5214: checking for C++ compiler version
configure:5223: /usr/lib64/ccache/x86_64-redhat-linux-g++ --version >&5
x86_64-redhat-linux-g++ (GCC) 12.2.1 20220819 (Red Hat 12.2.1-1)
Copyright (C) 2022 Free Software Foundation, Inc.
This is free software; see the source for copying conditions.  There is NO
warranty; not even for MERCHANTABILITY or FITNESS FOR A PARTICULAR PURPOSE.

configure:5234: $? = 0
configure:5223: /usr/lib64/ccache/x86_64-redhat-linux-g++ -v >&5
Using built-in specs.
COLLECT_GCC=/usr/bin/x86_64-redhat-linux-g++
COLLECT_LTO_WRAPPER=/usr/libexec/gcc/x86_64-redhat-linux/12/lto-wrapper
OFFLOAD_TARGET_NAMES=nvptx-none
OFFLOAD_TARGET_DEFAULT=1
Target: x86_64-redhat-linux
Configured with: ../configure --enable-bootstrap --enable-languages=c,c++,fortran,objc,obj-c++,ada,go,d,lto --prefix=/usr --mandir=/usr/share/man --infodir=/usr/share/info --with-bugurl=http://bugzilla.redhat.com/bugzilla --enable-shared --enable-threads=posix --enable-checking=release --enable-multilib --with-system-zlib --enable-__cxa_atexit --disable-libunwind-exceptions --enable-gnu-unique-object --enable-linker-build-id --with-gcc-major-version-only --enable-libstdcxx-backtrace --with-linker-hash-style=gnu --enable-plugin --enable-initfini-array --with-isl=/builddir/build/BUILD/gcc-12.2.1-20220819/obj-x86_64-redhat-linux/isl-install --enable-offload-targets=nvptx-none --without-cuda-driver --enable-offload-defaulted --enable-gnu-indirect-function --enable-cet --with-tune=generic --with-arch_32=i686 --build=x86_64-redhat-linux --with-build-config=bootstrap-lto --enable-link-serialization=1
Thread model: posix
Supported LTO compression algorithms: zlib zstd
gcc version 12.2.1 20220819 (Red Hat 12.2.1-1) (GCC) 
... rest of stderr output deleted ...
configure:5234: $? = 0
configure:5223: /usr/lib64/ccache/x86_64-redhat-linux-g++ -V >&5
x86_64-redhat-linux-g++: error: unrecognized command-line option '-V'
x86_64-redhat-linux-g++: fatal error: no input files
compilation terminated.
configure:5234: $? = 1
configure:5223: /usr/lib64/ccache/x86_64-redhat-linux-g++ -qversion >&5
x86_64-redhat-linux-g++: error: unrecognized command-line option '-qversion'; did you mean '--version'?
x86_64-redhat-linux-g++: fatal error: no input files
compilation terminated.
configure:5234: $? = 1
configure:5238: checking whether we are using the GNU C++ compiler
configure:5257: /usr/lib64/ccache/x86_64-redhat-linux-g++ -c  -march=native -O3  conftest.cpp >&5
configure:5257: $? = 0
configure:5266: result: yes
configure:5275: checking whether /usr/lib64/ccache/x86_64-redhat-linux-g++ accepts -g
configure:5295: /usr/lib64/ccache/x86_64-redhat-linux-g++ -c -g  conftest.cpp >&5
configure:5295: $? = 0
configure:5336: result: yes
configure:5385: checking whether g++ accepts -static-libstdc++ -static-libgcc
configure:5402: /usr/lib64/ccache/x86_64-redhat-linux-g++ -o conftest  -march=native -O3   -static-libstdc++ -static-libgcc conftest.cpp  >&5
configure:5402: $? = 0
configure:5403: result: yes
configure:5427: checking for x86_64-redhat-linux-gnatbind
configure:5457: result: no
configure:5467: checking for gnatbind
configure:5497: result: no
configure:5519: checking for x86_64-redhat-linux-gnatmake
configure:5549: result: no
configure:5559: checking for gnatmake
configure:5589: result: no
configure:5608: checking whether compiler driver understands Ada
configure:5631: result: no
configure:5645: checking for x86_64-redhat-linux-gdc
configure:5675: result: no
configure:5685: checking for gdc
configure:5715: result: no
configure:5734: checking whether the D compiler works
configure:5751: result: no
configure:5759: checking how to compare bootstrapped objects
configure:5784: result: cmp --ignore-initial=16 $$f1 $$f2
configure:5851: checking whether /usr/lib64/ccache/x86_64-redhat-linux-g++ supports C++11 features by default
configure:6147: /usr/lib64/ccache/x86_64-redhat-linux-g++ -c  -march=native -O3  conftest.cpp >&5
configure:6147: $? = 0
configure:6154: result: yes
configure:7928: checking for objdir
configure:7943: result: .libs
configure:8475: WARNING: using in-tree isl, disabling version check
configure:9655: checking for default BUILD_CONFIG
configure:9687: result: 
configure:9692: checking for --enable-vtable-verify
configure:9705: result: no
configure:10341: checking for bison
configure:10357: found /usr/bin/bison
configure:10368: result: bison -y
configure:10388: checking for bison
configure:10404: found /usr/bin/bison
configure:10415: result: bison
configure:10435: checking for gm4
configure:10465: result: no
configure:10435: checking for gnum4
configure:10465: result: no
configure:10435: checking for m4
configure:10451: found /usr/bin/m4
configure:10462: result: m4
configure:10482: checking for flex
configure:10498: found /usr/bin/flex
configure:10509: result: flex
configure:10530: checking for flex
configure:10546: found /usr/bin/flex
configure:10557: result: flex
configure:10577: checking for makeinfo
configure:10593: found /usr/bin/makeinfo
configure:10604: result: makeinfo
configure:10638: checking for expect
configure:10668: result: no
configure:10687: checking for runtest
configure:10717: result: no
configure:10793: checking for x86_64-redhat-linux-ar
configure:10823: result: no
configure:10832: checking for ar
configure:10848: found /usr/bin/ar
configure:10859: result: ar
configure:10934: checking for x86_64-redhat-linux-as
configure:10964: result: no
configure:10973: checking for as
configure:10989: found /usr/bin/as
configure:11000: result: as
configure:11075: checking for x86_64-redhat-linux-dlltool
configure:11105: result: no
configure:11114: checking for dlltool
configure:11144: result: no
configure:11216: checking for x86_64-redhat-linux-dsymutil
configure:11246: result: no
configure:11255: checking for dsymutil
configure:11271: found /usr/bin/dsymutil
configure:11282: result: dsymutil
configure:11357: checking for x86_64-redhat-linux-ld
configure:11387: result: no
configure:11396: checking for ld
configure:11412: found /usr/bin/ld
configure:11423: result: ld
configure:11498: checking for x86_64-redhat-linux-lipo
configure:11528: result: no
configure:11537: checking for lipo
configure:11567: result: no
configure:11639: checking for x86_64-redhat-linux-nm
configure:11669: result: no
configure:11678: checking for nm
configure:11694: found /usr/bin/nm
configure:11705: result: nm
configure:11780: checking for x86_64-redhat-linux-ranlib
configure:11810: result: no
configure:11819: checking for ranlib
configure:11835: found /usr/bin/ranlib
configure:11846: result: ranlib
configure:11916: checking for x86_64-redhat-linux-strip
configure:11946: result: no
configure:11955: checking for strip
configure:11971: found /usr/bin/strip
configure:11982: result: strip
configure:12052: checking for x86_64-redhat-linux-windres
configure:12082: result: no
configure:12091: checking for windres
configure:12121: result: no
configure:12193: checking for x86_64-redhat-linux-windmc
configure:12223: result: no
configure:12232: checking for windmc
configure:12262: result: no
configure:12334: checking for x86_64-redhat-linux-objcopy
configure:12364: result: no
configure:12373: checking for objcopy
configure:12389: found /usr/bin/objcopy
configure:12400: result: objcopy
configure:12475: checking for x86_64-redhat-linux-objdump
configure:12505: result: no
configure:12514: checking for objdump
configure:12530: found /usr/bin/objdump
configure:12541: result: objdump
configure:12616: checking for x86_64-redhat-linux-otool
configure:12646: result: no
configure:12655: checking for otool
configure:12685: result: no
configure:12757: checking for x86_64-redhat-linux-readelf
configure:12787: result: no
configure:12796: checking for readelf
configure:12812: found /usr/bin/readelf
configure:12823: result: readelf
configure:12939: checking for x86_64-linux-gnu-cc
configure:12969: result: no
configure:12939: checking for x86_64-linux-gnu-gcc
configure:12969: result: no
configure:13100: checking for x86_64-linux-gnu-c++
configure:13130: result: no
configure:13100: checking for x86_64-linux-gnu-g++
configure:13130: result: no
configure:13100: checking for x86_64-linux-gnu-cxx
configure:13130: result: no
configure:13100: checking for x86_64-linux-gnu-gxx
configure:13130: result: no
configure:13261: checking for x86_64-linux-gnu-gcc
configure:13291: result: no
configure:13417: checking for x86_64-linux-gnu-gfortran
configure:13447: result: no
configure:13578: checking for x86_64-linux-gnu-gccgo
configure:13608: result: no
configure:13739: checking for x86_64-linux-gnu-gdc
configure:13769: result: no
configure:13869: checking for ar
configure:13902: result: no
configure:13980: checking for x86_64-linux-gnu-ar
configure:14010: result: no
configure:14099: checking for as
configure:14132: result: no
configure:14210: checking for x86_64-linux-gnu-as
configure:14240: result: no
configure:14329: checking for dlltool
configure:14362: result: no
configure:14440: checking for x86_64-linux-gnu-dlltool
configure:14470: result: no
configure:14559: checking for dsymutil
configure:14592: result: no
configure:14670: checking for x86_64-linux-gnu-dsymutil
configure:14700: result: no
configure:14789: checking for ld
configure:14822: result: no
configure:14900: checking for x86_64-linux-gnu-ld
configure:14930: result: no
configure:15019: checking for lipo
configure:15052: result: no
configure:15130: checking for x86_64-linux-gnu-lipo
configure:15160: result: no
configure:15249: checking for nm
configure:15282: result: no
configure:15360: checking for x86_64-linux-gnu-nm
configure:15390: result: no
configure:15479: checking for objcopy
configure:15512: result: no
configure:15590: checking for x86_64-linux-gnu-objcopy
configure:15620: result: no
configure:15709: checking for objdump
configure:15742: result: no
configure:15820: checking for x86_64-linux-gnu-objdump
configure:15850: result: no
configure:15939: checking for otool
configure:15972: result: no
configure:16050: checking for x86_64-linux-gnu-otool
configure:16080: result: no
configure:16169: checking for ranlib
configure:16202: result: no
configure:16280: checking for x86_64-linux-gnu-ranlib
configure:16310: result: no
configure:16399: checking for readelf
configure:16432: result: no
configure:16510: checking for x86_64-linux-gnu-readelf
configure:16540: result: no
configure:16629: checking for strip
configure:16662: result: no
configure:16740: checking for x86_64-linux-gnu-strip
configure:16770: result: no
configure:16859: checking for windres
configure:16892: result: no
configure:16970: checking for x86_64-linux-gnu-windres
configure:17000: result: no
configure:17089: checking for windmc
configure:17122: result: no
configure:17200: checking for x86_64-linux-gnu-windmc
configure:17230: result: no
configure:17297: checking where to find the target ar
configure:17320: result: just compiled
configure:17339: checking where to find the target as
configure:17362: result: just compiled
configure:17381: checking where to find the target cc
configure:17404: result: just compiled
configure:17423: checking where to find the target c++
configure:17449: result: just compiled
configure:17468: checking where to find the target c++ for libstdc++
configure:17494: result: just compiled
configure:17513: checking where to find the target dlltool
configure:17536: result: just compiled
configure:17555: checking where to find the target dsymutil
configure:17581: result: pre-installed
configure:17586: checking where to find the target gcc
configure:17609: result: just compiled
configure:17628: checking where to find the target gfortran
configure:17654: result: just compiled
configure:17673: checking where to find the target gccgo
configure:17713: result: pre-installed
configure:17718: checking where to find the target gdc
configure:17758: result: pre-installed
configure:17763: checking where to find the target ld
configure:17786: result: just compiled
configure:17805: checking where to find the target lipo
configure:17831: result: pre-installed
configure:17836: checking where to find the target nm
configure:17859: result: just compiled
configure:17878: checking where to find the target objcopy
configure:17901: result: just compiled
configure:17920: checking where to find the target objdump
configure:17943: result: just compiled
configure:17962: checking where to find the target otool
configure:17988: result: pre-installed
configure:17993: checking where to find the target ranlib
configure:18016: result: just compiled
configure:18035: checking where to find the target readelf
configure:18058: result: just compiled
configure:18077: checking where to find the target strip
configure:18100: result: just compiled
configure:18119: checking where to find the target windres
configure:18142: result: just compiled
configure:18161: checking where to find the target windmc
configure:18184: result: just compiled
configure:18231: checking whether to enable maintainer-specific portions of Makefiles
configure:18240: result: no
configure:18475: creating ./config.status

## ---------------------- ##
## Running config.status. ##
## ---------------------- ##

This file was extended by config.status, which was
generated by GNU Autoconf 2.69.  Invocation command line was

  CONFIG_FILES    = 
  CONFIG_HEADERS  = 
  CONFIG_LINKS    = 
  CONFIG_COMMANDS = 
  $ ./config.status 

on WLBLQ25199

config.status:1161: creating Makefile

## ---------------- ##
## Cache variables. ##
## ---------------- ##

ac_cv_build=x86_64-redhat-linux-gnu
ac_cv_c_compiler_gnu=yes
ac_cv_cxx_compiler_gnu=yes
ac_cv_env_AR_FOR_TARGET_set=
ac_cv_env_AR_FOR_TARGET_value=
ac_cv_env_AR_set=set
ac_cv_env_AR_value=
ac_cv_env_AS_FOR_TARGET_set=
ac_cv_env_AS_FOR_TARGET_value=
ac_cv_env_AS_set=
ac_cv_env_AS_value=
ac_cv_env_CCC_set=
ac_cv_env_CCC_value=
ac_cv_env_CC_FOR_TARGET_set=
ac_cv_env_CC_FOR_TARGET_value=
ac_cv_env_CC_set=set
ac_cv_env_CC_value=/usr/lib64/ccache/x86_64-redhat-linux-gcc
ac_cv_env_CFLAGS_set=set
ac_cv_env_CFLAGS_value=' -march=native -O3'
ac_cv_env_CPPFLAGS_set=
ac_cv_env_CPPFLAGS_value=
ac_cv_env_CXXFLAGS_set=set
ac_cv_env_CXXFLAGS_value=' -march=native -O3'
ac_cv_env_CXX_FOR_TARGET_set=
ac_cv_env_CXX_FOR_TARGET_value=
ac_cv_env_CXX_set=set
ac_cv_env_CXX_value=/usr/lib64/ccache/x86_64-redhat-linux-g++
ac_cv_env_DLLTOOL_FOR_TARGET_set=
ac_cv_env_DLLTOOL_FOR_TARGET_value=
ac_cv_env_DLLTOOL_set=
ac_cv_env_DLLTOOL_value=
ac_cv_env_DSYMUTIL_FOR_TARGET_set=
ac_cv_env_DSYMUTIL_FOR_TARGET_value=
ac_cv_env_DSYMUTIL_set=
ac_cv_env_DSYMUTIL_value=
ac_cv_env_GCC_FOR_TARGET_set=
ac_cv_env_GCC_FOR_TARGET_value=
ac_cv_env_GDC_FOR_TARGET_set=
ac_cv_env_GDC_FOR_TARGET_value=
ac_cv_env_GFORTRAN_FOR_TARGET_set=
ac_cv_env_GFORTRAN_FOR_TARGET_value=
ac_cv_env_GOC_FOR_TARGET_set=
ac_cv_env_GOC_FOR_TARGET_value=
ac_cv_env_LDFLAGS_set=set
ac_cv_env_LDFLAGS_value=
ac_cv_env_LD_FOR_TARGET_set=
ac_cv_env_LD_FOR_TARGET_value=
ac_cv_env_LD_set=
ac_cv_env_LD_value=
ac_cv_env_LIBS_set=
ac_cv_env_LIBS_value=
ac_cv_env_LIPO_FOR_TARGET_set=
ac_cv_env_LIPO_FOR_TARGET_value=
ac_cv_env_LIPO_set=
ac_cv_env_LIPO_value=
ac_cv_env_NM_FOR_TARGET_set=
ac_cv_env_NM_FOR_TARGET_value=
ac_cv_env_NM_set=set
ac_cv_env_NM_value=
ac_cv_env_OBJCOPY_FOR_TARGET_set=
ac_cv_env_OBJCOPY_FOR_TARGET_value=
ac_cv_env_OBJCOPY_set=
ac_cv_env_OBJCOPY_value=
ac_cv_env_OBJDUMP_FOR_TARGET_set=
ac_cv_env_OBJDUMP_FOR_TARGET_value=
ac_cv_env_OBJDUMP_set=
ac_cv_env_OBJDUMP_value=
ac_cv_env_OTOOL_FOR_TARGET_set=
ac_cv_env_OTOOL_FOR_TARGET_value=
ac_cv_env_OTOOL_set=
ac_cv_env_OTOOL_value=
ac_cv_env_RANLIB_FOR_TARGET_set=
ac_cv_env_RANLIB_FOR_TARGET_value=
ac_cv_env_RANLIB_set=set
ac_cv_env_RANLIB_value=
ac_cv_env_READELF_FOR_TARGET_set=
ac_cv_env_READELF_FOR_TARGET_value=
ac_cv_env_READELF_set=
ac_cv_env_READELF_value=
ac_cv_env_STRIP_FOR_TARGET_set=
ac_cv_env_STRIP_FOR_TARGET_value=
ac_cv_env_STRIP_set=
ac_cv_env_STRIP_value=
ac_cv_env_WINDMC_FOR_TARGET_set=
ac_cv_env_WINDMC_FOR_TARGET_value=
ac_cv_env_WINDMC_set=
ac_cv_env_WINDMC_value=
ac_cv_env_WINDRES_FOR_TARGET_set=
ac_cv_env_WINDRES_FOR_TARGET_value=
ac_cv_env_WINDRES_set=
ac_cv_env_WINDRES_value=
ac_cv_env_build_alias_set=set
ac_cv_env_build_alias_value=x86_64-redhat-linux
ac_cv_env_build_configargs_set=set
ac_cv_env_build_configargs_value=
ac_cv_env_host_alias_set=set
ac_cv_env_host_alias_value=x86_64-redhat-linux
ac_cv_env_host_configargs_set=set
ac_cv_env_host_configargs_value=
ac_cv_env_target_alias_set=set
ac_cv_env_target_alias_value=x86_64-linux-gnu
ac_cv_env_target_configargs_set=set
ac_cv_env_target_configargs_value=
ac_cv_host=x86_64-redhat-linux-gnu
ac_cv_objext=o
ac_cv_path_SED=/usr/bin/sed
ac_cv_path_install='/usr/bin/install -c'
ac_cv_prog_AR=ar
ac_cv_prog_AS=as
ac_cv_prog_AWK=gawk
ac_cv_prog_BISON=bison
ac_cv_prog_CC=/usr/lib64/ccache/x86_64-redhat-linux-gcc
ac_cv_prog_DSYMUTIL=dsymutil
ac_cv_prog_FLEX=flex
ac_cv_prog_LD=ld
ac_cv_prog_LEX=flex
ac_cv_prog_M4=m4
ac_cv_prog_MAKEINFO=makeinfo
ac_cv_prog_NM=nm
ac_cv_prog_OBJCOPY=objcopy
ac_cv_prog_OBJDUMP=objdump
ac_cv_prog_RANLIB=ranlib
ac_cv_prog_READELF=readelf
ac_cv_prog_STRIP=strip
ac_cv_prog_YACC='bison -y'
ac_cv_prog_cc_c89=
ac_cv_prog_cc_c99=
ac_cv_prog_cc_g=yes
ac_cv_prog_cxx_g=yes
ac_cv_target=x86_64-pc-linux-gnu
acx_cv_cc_gcc_supports_ada=no
acx_cv_d_compiler_works=no
acx_cv_prog_LN=ln
ax_cv_cxx_compile_cxx11=yes
gcc_cv_prog_cmp_skip='cmp --ignore-initial=16 $$f1 $$f2'
gcc_cv_tool_dirs=/home/desimonie/.bbxb/wsl-kernel/generic_x64/toolchain/libexec/gcc/x86_64-linux-gnu/12.2.0:/home/desimonie/.bbxb/wsl-kernel/generic_x64/toolchain/libexec/gcc/x86_64-linux-gnu:/usr/lib/gcc/x86_64-linux-gnu/12.2.0:/usr/lib/gcc/x86_64-linux-gnu:/home/desimonie/.bbxb/wsl-kernel/generic_x64/toolchain/x86_64-linux-gnu/bin/x86_64-linux-gnu/12.2.0:/home/desimonie/.bbxb/wsl-kernel/generic_x64/toolchain/x86_64-linux-gnu/bin:
gcc_cv_tool_prefix=/home/desimonie/.bbxb/wsl-kernel/generic_x64/toolchain
lt_cv_objdir=.libs

## ----------------- ##
## Output variables. ##
## ----------------- ##

AR='ar'
AR_FOR_BUILD='$(AR)'
AR_FOR_TARGET='$$r/$(HOST_SUBDIR)/binutils/ar'
AS='as'
AS_FOR_BUILD='$(AS)'
AS_FOR_TARGET='$$r/$(HOST_SUBDIR)/gas/as-new'
AWK='gawk'
BISON='bison'
BUILD_CONFIG=''
CC='/usr/lib64/ccache/x86_64-redhat-linux-gcc'
CC_FOR_BUILD='$(CC)'
CC_FOR_TARGET='$$r/$(HOST_SUBDIR)/gcc/xgcc -B$$r/$(HOST_SUBDIR)/gcc/'
CFLAGS=' -march=native -O3'
CFLAGS_FOR_BUILD=' -march=native -O3'
CFLAGS_FOR_TARGET=' '
COMPILER_AS_FOR_TARGET='$$r/$(HOST_SUBDIR)/gcc/as'
COMPILER_LD_FOR_TARGET='$$r/$(HOST_SUBDIR)/gcc/collect-ld'
COMPILER_NM_FOR_TARGET='$$r/$(HOST_SUBDIR)/gcc/nm'
CONFIGURE_GDB_TK=''
CPPFLAGS=''
CPPFLAGS_FOR_BUILD=''
CPP_FOR_BUILD=''
CXX='/usr/lib64/ccache/x86_64-redhat-linux-g++'
CXXFLAGS=' -march=native -O3'
CXXFLAGS_FOR_BUILD=' -march=native -O3'
CXXFLAGS_FOR_TARGET=' '
CXX_FOR_BUILD='$(CXX)'
CXX_FOR_TARGET='$$r/$(HOST_SUBDIR)/gcc/xg++ -B$$r/$(HOST_SUBDIR)/gcc/ -nostdinc++ `if test -f $$r/$(TARGET_SUBDIR)/libstdc++-v3/scripts/testsuite_flags; then $(SHELL) $$r/$(TARGET_SUBDIR)/libstdc++-v3/scripts/testsuite_flags --build-includes; else echo -funconfigured-libstdc++-v3 ; fi` -L$$r/$(TARGET_SUBDIR)/libstdc++-v3/src -L$$r/$(TARGET_SUBDIR)/libstdc++-v3/src/.libs -L$$r/$(TARGET_SUBDIR)/libstdc++-v3/libsupc++/.libs'
DEBUG_PREFIX_CFLAGS_FOR_TARGET=''
DEFS='-DPACKAGE_NAME=\"\" -DPACKAGE_TARNAME=\"\" -DPACKAGE_VERSION=\"\" -DPACKAGE_STRING=\"\" -DPACKAGE_BUGREPORT=\"\" -DPACKAGE_URL=\"\" -DHAVE_CXX11=1 -DLT_OBJDIR=\".libs/\"'
DLLTOOL='dlltool'
DLLTOOL_FOR_BUILD='$(DLLTOOL)'
DLLTOOL_FOR_TARGET='$$r/$(HOST_SUBDIR)/binutils/dlltool'
DSYMUTIL='dsymutil'
DSYMUTIL_FOR_BUILD='$(DSYMUTIL)'
DSYMUTIL_FOR_TARGET='x86_64-linux-gnu-dsymutil'
ECHO_C=''
ECHO_N='-n'
ECHO_T=''
EXEEXT=''
EXPECT='expect'
FLAGS_FOR_TARGET=' -B$(build_tooldir)/bin/ -B$(build_tooldir)/lib/ -isystem $(build_tooldir)/include -isystem $(build_tooldir)/sys-include -L$$r/$(HOST_SUBDIR)/ld'
FLEX='flex'
GCC_FOR_TARGET='$$r/$(HOST_SUBDIR)/gcc/xgcc -B$$r/$(HOST_SUBDIR)/gcc/'
GCC_SHLIB_SUBDIR=''
GDB_TK=''
GDC='no'
GDCFLAGS=''
GDC_FOR_BUILD='$(GDC)'
GDC_FOR_TARGET='x86_64-linux-gnu-gdc'
GFORTRAN_FOR_BUILD='$(GFORTRAN)'
GFORTRAN_FOR_TARGET='$$r/$(HOST_SUBDIR)/gcc/gfortran -B$$r/$(HOST_SUBDIR)/gcc/'
GNATBIND='no'
GNATMAKE='no'
GOC_FOR_BUILD='$(GOC)'
GOC_FOR_TARGET='x86_64-linux-gnu-gccgo'
HAVE_CXX11='1'
HAVE_CXX11_FOR_BUILD=''
INSTALL_DATA='${INSTALL} -m 644'
INSTALL_GDB_TK=''
INSTALL_PROGRAM='${INSTALL}'
INSTALL_SCRIPT='${INSTALL}'
LD='ld'
LDFLAGS=''
LDFLAGS_FOR_BUILD=''
LDFLAGS_FOR_TARGET='  -Wl,-z,relro -Wl,-z,now'
LD_FOR_BUILD='$(LD)'
LD_FOR_TARGET='$$r/$(HOST_SUBDIR)/ld/ld-new'
LEX='flex'
LIBOBJS=''
LIBS=''
LIPO='lipo'
LIPO_FOR_TARGET='x86_64-linux-gnu-lipo'
LN='ln'
LN_S='ln -s'
LTLIBOBJS=''
M4='m4'
MAINT='#'
MAINTAINER_MODE_FALSE=''
MAINTAINER_MODE_TRUE='#'
MAKEINFO='makeinfo'
NM='nm'
NM_FOR_BUILD='$(NM)'
NM_FOR_TARGET='$$r/$(HOST_SUBDIR)/binutils/nm-new'
OBJCOPY='objcopy'
OBJCOPY_FOR_TARGET='$$r/$(HOST_SUBDIR)/binutils/objcopy'
OBJDUMP='objdump'
OBJDUMP_FOR_TARGET='$$r/$(HOST_SUBDIR)/binutils/objdump'
OBJEXT='o'
OTOOL='otool'
OTOOL_FOR_TARGET='x86_64-linux-gnu-otool'
PACKAGE_BUGREPORT=''
PACKAGE_NAME=''
PACKAGE_STRING=''
PACKAGE_TARNAME=''
PACKAGE_URL=''
PACKAGE_VERSION=''
PATH_SEPARATOR=':'
PGO_BUILD_GEN_CFLAGS=''
PGO_BUILD_LTO_CFLAGS=''
PGO_BUILD_USE_CFLAGS=''
RANLIB='ranlib'
RANLIB_FOR_BUILD='$(RANLIB)'
RANLIB_FOR_TARGET='$$r/$(HOST_SUBDIR)/binutils/ranlib'
RAW_CXX_FOR_TARGET='$$r/$(HOST_SUBDIR)/gcc/xgcc -shared-libgcc -B$$r/$(HOST_SUBDIR)/gcc -nostdinc++ -L$$r/$(TARGET_SUBDIR)/libstdc++-v3/src -L$$r/$(TARGET_SUBDIR)/libstdc++-v3/src/.libs -L$$r/$(TARGET_SUBDIR)/libstdc++-v3/libsupc++/.libs'
READELF='readelf'
READELF_FOR_TARGET='$$r/$(HOST_SUBDIR)/binutils/readelf'
RPATH_ENVVAR='LD_LIBRARY_PATH'
RUNTEST='runtest'
SED='/usr/bin/sed'
SHELL='/bin/sh'
STRIP='strip'
STRIP_FOR_TARGET='$$r/$(HOST_SUBDIR)/binutils/strip-new'
SYSROOT_CFLAGS_FOR_TARGET=''
TOPLEVEL_CONFIGURE_ARGUMENTS='/home/desimonie/.bbxb/wsl-kernel/sources/toolchain/gcc-12.2.0/configure --build=x86_64-redhat-linux --host=x86_64-redhat-linux --target=x86_64-linux-gnu --enable-targets=x86_64-linux-gnu --with-arch-directory=x86_64 --with-arch=x86-64-v4 --prefix=/home/desimonie/.bbxb/wsl-kernel/generic_x64/toolchain build_configargs= host_configargs= target_configargs='
WINDMC='windmc'
WINDMC_FOR_BUILD='$(WINDMC)'
WINDMC_FOR_TARGET='$$r/$(HOST_SUBDIR)/binutils/windmc'
WINDRES='windres'
WINDRES_FOR_BUILD='$(WINDRES)'
WINDRES_FOR_TARGET='$$r/$(HOST_SUBDIR)/binutils/windres'
YACC='bison -y'
ac_ct_CC=''
ac_ct_CXX=''
bindir='${exec_prefix}/bin'
build='x86_64-redhat-linux-gnu'
build_alias='x86_64-redhat-linux'
build_configargs=' --cache-file=./config.cache '\''--enable-targets=x86_64-linux-gnu'\'' '\''--with-arch-directory=x86_64'\'' '\''--with-arch=x86-64-v4'\'' '\''--prefix=/home/desimonie/.bbxb/wsl-kernel/generic_x64/toolchain'\'' '\''--enable-languages=c,c++,fortran,lto,objc'\'' --program-transform-name='\''s&^&x86_64-linux-gnu-&'\'' --disable-option-checking'
build_configdirs=' libiberty libcpp fixincludes'
build_cpu='x86_64'
build_libsubdir='build-x86_64-redhat-linux'
build_noncanonical='x86_64-redhat-linux'
build_os='linux-gnu'
build_subdir='build-x86_64-redhat-linux'
build_tooldir='${exec_prefix}/x86_64-linux-gnu'
build_vendor='redhat'
compare_exclusions='gcc/cc*-checksum$(objext) | gcc/ada/*tools/*'
configdirs=' intl libiberty opcodes bfd zlib libbacktrace libcpp libcody libdecnumber gmp mpfr mpc isl libctf binutils gas ld fixincludes gcc gprof etc libcc1 c++tools lto-plugin'
datadir='${datarootdir}'
datarootdir='${prefix}/share'
do_compare='cmp --ignore-initial=16 $$f1 $$f2'
docdir='${datarootdir}/doc/${PACKAGE}'
dvidir='${docdir}'
exec_prefix='${prefix}'
extra_host_libiberty_configure_flags='--enable-shared'
extra_host_zlib_configure_flags=''
extra_isl_gmp_configure_flags='--with-gmp-builddir=$$r/$(HOST_SUBDIR)/gmp'
extra_liboffloadmic_configure_flags=''
extra_linker_plugin_configure_flags=''
extra_linker_plugin_flags=''
extra_mpc_gmp_configure_flags='--with-gmp-include=$$r/$(HOST_SUBDIR)/gmp --with-gmp-lib=$$r/$(HOST_SUBDIR)/gmp/.libs'
extra_mpc_mpfr_configure_flags='--with-mpfr-include=$$s/mpfr/src --with-mpfr-lib=$$r/$(HOST_SUBDIR)/mpfr/src/.libs'
extra_mpfr_configure_flags='--with-gmp-include=$$r/$(HOST_SUBDIR)/gmp --with-gmp-lib=$$r/$(HOST_SUBDIR)/gmp/.libs'
get_gcc_base_ver='cat'
gmpinc='-I$$r/$(HOST_SUBDIR)/gmp -I$$s/gmp -I$$r/$(HOST_SUBDIR)/mpfr/src -I$$s/mpfr/src -I$$s/mpc/src '
gmplibs='-L$$r/$(HOST_SUBDIR)/gmp/.libs -L$$r/$(HOST_SUBDIR)/mpfr/src/.libs -L$$r/$(HOST_SUBDIR)/mpc/src/.libs -lmpc -lmpfr -lgmp'
host='x86_64-redhat-linux-gnu'
host_alias='x86_64-redhat-linux'
host_configargs=' --cache-file=./config.cache  --with-gnu-as --with-gnu-ld '\''--enable-targets=x86_64-linux-gnu'\'' '\''--with-arch-directory=x86_64'\'' '\''--with-arch=x86-64-v4'\'' '\''--prefix=/home/desimonie/.bbxb/wsl-kernel/generic_x64/toolchain'\'' '\''--enable-languages=c,c++,fortran,lto,objc'\'' --program-transform-name='\''s&^&x86_64-linux-gnu-&'\'' --disable-option-checking'
host_cpu='x86_64'
host_noncanonical='x86_64-redhat-linux'
host_os='linux-gnu'
host_shared='no'
host_subdir='.'
host_vendor='redhat'
htmldir='${docdir}'
includedir='${prefix}/include'
infodir='${datarootdir}/info'
islinc='-I$$r/$(HOST_SUBDIR)/isl/include -I$$s/isl/include'
isllibs='-L$$r/$(HOST_SUBDIR)/isl/.libs  -lisl'
libdir='${exec_prefix}/lib'
libexecdir='${exec_prefix}/libexec'
localedir='${datarootdir}/locale'
localstatedir='${prefix}/var'
mandir='${datarootdir}/man'
oldincludedir='/usr/include'
pdfdir='${docdir}'
poststage1_ldflags='-static-libstdc++ -static-libgcc'
poststage1_libs=''
prefix='/home/desimonie/.bbxb/wsl-kernel/generic_x64/toolchain'
program_transform_name='s&^&x86_64-linux-gnu-&'
psdir='${docdir}'
sbindir='${exec_prefix}/sbin'
sharedstatedir='${prefix}/com'
stage1_cflags='-g'
stage1_checking='--enable-checking=yes,types'
stage1_languages='c,c++,lto'
stage1_ldflags='-static-libstdc++ -static-libgcc'
stage1_libs=''
stage2_werror_flag=''
sysconfdir='${prefix}/etc'
target='x86_64-pc-linux-gnu'
target_alias='x86_64-linux-gnu'
target_configargs='--cache-file=./config.cache --enable-multilib --with-cross-host=x86_64-redhat-linux   '\''--enable-targets=x86_64-linux-gnu'\'' '\''--with-arch-directory=x86_64'\'' '\''--with-arch=x86-64-v4'\'' '\''--prefix=/home/desimonie/.bbxb/wsl-kernel/generic_x64/toolchain'\'' '\''--enable-languages=c,c++,fortran,lto,objc'\'' --program-transform-name='\''s&^&x86_64-linux-gnu-&'\'' --disable-option-checking'
target_configdirs=' libgcc libbacktrace libgomp libatomic libitm libstdc++-v3 libsanitizer libvtv libssp libquadmath libgfortran libobjc'
target_cpu='x86_64'
target_noncanonical='x86_64-linux-gnu'
target_os='linux-gnu'
target_subdir='x86_64-linux-gnu'
target_vendor='pc'
tooldir='${exec_prefix}/x86_64-linux-gnu'

## ------------------- ##
## File substitutions. ##
## ------------------- ##

alphaieee_frag='/dev/null'
host_makefile_frag='/dev/null'
ospace_frag='/dev/null'
serialization_dependencies='serdep.tmp'
target_makefile_frag='/home/desimonie/.bbxb/wsl-kernel/sources/toolchain/gcc-12.2.0/config/mt-gnu'

## ----------- ##
## confdefs.h. ##
## ----------- ##

/* confdefs.h */
#define PACKAGE_NAME ""
#define PACKAGE_TARNAME ""
#define PACKAGE_VERSION ""
#define PACKAGE_STRING ""
#define PACKAGE_BUGREPORT ""
#define PACKAGE_URL ""
#define HAVE_CXX11 1
#define LT_OBJDIR ".libs/"

configure: exit 0
