PKG_CONFIG_LIBDIR=/home/desimonie/.bbxb/lfs/rpi3-aarch64/binaries/lib/aarch64-linux-gnu/pkgconfig:/home/desimonie/.bbxb/lfs/rpi3-aarch64/binaries/usr/lib/aarch64-linux-gnu/pkgconfig:/home/desimonie/.bbxb/lfs/rpi3-aarch64/binaries/usr/share/pkgconfig \
PKG_CONFIG_SYSROOT_DIR=/home/desimonie/.bbxb/lfs/rpi3-aarch64/binaries \
/home/desimonie/.bbxb/toolchain/bin/pkg-config --version
0.29.2

PKG_CONFIG_LIBDIR=/home/desimonie/.bbxb/lfs/rpi3-aarch64/binaries/lib/aarch64-linux-gnu/pkgconfig:/home/desimonie/.bbxb/lfs/rpi3-aarch64/binaries/usr/lib/aarch64-linux-gnu/pkgconfig:/home/desimonie/.bbxb/lfs/rpi3-aarch64/binaries/usr/share/pkgconfig \
PKG_CONFIG_SYSROOT_DIR=/home/desimonie/.bbxb/lfs/rpi3-aarch64/binaries \
/home/desimonie/.bbxb/toolchain/bin/pkg-config --print-errors --short-errors --exists libxml-2.0

PKG_CONFIG_LIBDIR=/home/desimonie/.bbxb/lfs/rpi3-aarch64/binaries/lib/aarch64-linux-gnu/pkgconfig:/home/desimonie/.bbxb/lfs/rpi3-aarch64/binaries/usr/lib/aarch64-linux-gnu/pkgconfig:/home/desimonie/.bbxb/lfs/rpi3-aarch64/binaries/usr/share/pkgconfig \
PKG_CONFIG_SYSROOT_DIR=/home/desimonie/.bbxb/lfs/rpi3-aarch64/binaries \
/home/desimonie/.bbxb/toolchain/bin/pkg-config --modversion libxml-2.0
2.10.1

PKG_CONFIG_LIBDIR=/home/desimonie/.bbxb/lfs/rpi3-aarch64/binaries/lib/aarch64-linux-gnu/pkgconfig:/home/desimonie/.bbxb/lfs/rpi3-aarch64/binaries/usr/lib/aarch64-linux-gnu/pkgconfig:/home/desimonie/.bbxb/lfs/rpi3-aarch64/binaries/usr/share/pkgconfig \
PKG_CONFIG_SYSROOT_DIR=/home/desimonie/.bbxb/lfs/rpi3-aarch64/binaries \
/home/desimonie/.bbxb/toolchain/bin/pkg-config --variable=prefix libxml-2.0
/usr

PKG_CONFIG_LIBDIR=/home/desimonie/.bbxb/lfs/rpi3-aarch64/binaries/lib/aarch64-linux-gnu/pkgconfig:/home/desimonie/.bbxb/lfs/rpi3-aarch64/binaries/usr/lib/aarch64-linux-gnu/pkgconfig:/home/desimonie/.bbxb/lfs/rpi3-aarch64/binaries/usr/share/pkgconfig \
PKG_CONFIG_SYSROOT_DIR=/home/desimonie/.bbxb/lfs/rpi3-aarch64/binaries \
/home/desimonie/.bbxb/toolchain/bin/pkg-config --variable=includedir libxml-2.0
/usr/include

PKG_CONFIG_LIBDIR=/home/desimonie/.bbxb/lfs/rpi3-aarch64/binaries/lib/aarch64-linux-gnu/pkgconfig:/home/desimonie/.bbxb/lfs/rpi3-aarch64/binaries/usr/lib/aarch64-linux-gnu/pkgconfig:/home/desimonie/.bbxb/lfs/rpi3-aarch64/binaries/usr/share/pkgconfig \
PKG_CONFIG_SYSROOT_DIR=/home/desimonie/.bbxb/lfs/rpi3-aarch64/binaries \
/home/desimonie/.bbxb/toolchain/bin/pkg-config --variable=libdir libxml-2.0
/usr/lib/aarch64-linux-gnu

PKG_CONFIG_LIBDIR=/home/desimonie/.bbxb/lfs/rpi3-aarch64/binaries/lib/aarch64-linux-gnu/pkgconfig:/home/desimonie/.bbxb/lfs/rpi3-aarch64/binaries/usr/lib/aarch64-linux-gnu/pkgconfig:/home/desimonie/.bbxb/lfs/rpi3-aarch64/binaries/usr/share/pkgconfig \
PKG_CONFIG_SYSROOT_DIR=/home/desimonie/.bbxb/lfs/rpi3-aarch64/binaries \
/home/desimonie/.bbxb/toolchain/bin/pkg-config --libs-only-l libxml-2.0
-lxml2

PKG_CONFIG_LIBDIR=/home/desimonie/.bbxb/lfs/rpi3-aarch64/binaries/lib/aarch64-linux-gnu/pkgconfig:/home/desimonie/.bbxb/lfs/rpi3-aarch64/binaries/usr/lib/aarch64-linux-gnu/pkgconfig:/home/desimonie/.bbxb/lfs/rpi3-aarch64/binaries/usr/share/pkgconfig \
PKG_CONFIG_SYSROOT_DIR=/home/desimonie/.bbxb/lfs/rpi3-aarch64/binaries \
/home/desimonie/.bbxb/toolchain/bin/pkg-config --static --libs-only-l libxml-2.0
-lxml2 -lz -llzma -licui18n -licuuc -licudata -lm

PKG_CONFIG_LIBDIR=/home/desimonie/.bbxb/lfs/rpi3-aarch64/binaries/lib/aarch64-linux-gnu/pkgconfig:/home/desimonie/.bbxb/lfs/rpi3-aarch64/binaries/usr/lib/aarch64-linux-gnu/pkgconfig:/home/desimonie/.bbxb/lfs/rpi3-aarch64/binaries/usr/share/pkgconfig \
PKG_CONFIG_SYSROOT_DIR=/home/desimonie/.bbxb/lfs/rpi3-aarch64/binaries \
/home/desimonie/.bbxb/toolchain/bin/pkg-config --libs-only-L libxml-2.0
-L/home/desimonie/.bbxb/lfs/rpi3-aarch64/binaries/usr/lib/aarch64-linux-gnu

PKG_CONFIG_LIBDIR=/home/desimonie/.bbxb/lfs/rpi3-aarch64/binaries/lib/aarch64-linux-gnu/pkgconfig:/home/desimonie/.bbxb/lfs/rpi3-aarch64/binaries/usr/lib/aarch64-linux-gnu/pkgconfig:/home/desimonie/.bbxb/lfs/rpi3-aarch64/binaries/usr/share/pkgconfig \
PKG_CONFIG_SYSROOT_DIR=/home/desimonie/.bbxb/lfs/rpi3-aarch64/binaries \
/home/desimonie/.bbxb/toolchain/bin/pkg-config --static --libs-only-L libxml-2.0
-L/home/desimonie/.bbxb/lfs/rpi3-aarch64/binaries/usr/lib/aarch64-linux-gnu -L/home/desimonie/.bbxb/lfs/rpi3-aarch64/binaries/home/desimonie/.bbxb/lfs/rpi3-aarch64/binaries/usr/lib/aarch64-linux-gnu

PKG_CONFIG_LIBDIR=/home/desimonie/.bbxb/lfs/rpi3-aarch64/binaries/lib/aarch64-linux-gnu/pkgconfig:/home/desimonie/.bbxb/lfs/rpi3-aarch64/binaries/usr/lib/aarch64-linux-gnu/pkgconfig:/home/desimonie/.bbxb/lfs/rpi3-aarch64/binaries/usr/share/pkgconfig \
PKG_CONFIG_SYSROOT_DIR=/home/desimonie/.bbxb/lfs/rpi3-aarch64/binaries \
/home/desimonie/.bbxb/toolchain/bin/pkg-config --libs libxml-2.0
-L/home/desimonie/.bbxb/lfs/rpi3-aarch64/binaries/usr/lib/aarch64-linux-gnu -lxml2

PKG_CONFIG_LIBDIR=/home/desimonie/.bbxb/lfs/rpi3-aarch64/binaries/lib/aarch64-linux-gnu/pkgconfig:/home/desimonie/.bbxb/lfs/rpi3-aarch64/binaries/usr/lib/aarch64-linux-gnu/pkgconfig:/home/desimonie/.bbxb/lfs/rpi3-aarch64/binaries/usr/share/pkgconfig \
PKG_CONFIG_SYSROOT_DIR=/home/desimonie/.bbxb/lfs/rpi3-aarch64/binaries \
/home/desimonie/.bbxb/toolchain/bin/pkg-config --static --libs libxml-2.0
-L/home/desimonie/.bbxb/lfs/rpi3-aarch64/binaries/usr/lib/aarch64-linux-gnu -L/home/desimonie/.bbxb/lfs/rpi3-aarch64/binaries/home/desimonie/.bbxb/lfs/rpi3-aarch64/binaries/usr/lib/aarch64-linux-gnu -lxml2 -lz -llzma -licui18n -licuuc -licudata -lm

PKG_CONFIG_LIBDIR=/home/desimonie/.bbxb/lfs/rpi3-aarch64/binaries/lib/aarch64-linux-gnu/pkgconfig:/home/desimonie/.bbxb/lfs/rpi3-aarch64/binaries/usr/lib/aarch64-linux-gnu/pkgconfig:/home/desimonie/.bbxb/lfs/rpi3-aarch64/binaries/usr/share/pkgconfig \
PKG_CONFIG_SYSROOT_DIR=/home/desimonie/.bbxb/lfs/rpi3-aarch64/binaries \
/home/desimonie/.bbxb/toolchain/bin/pkg-config --libs-only-other libxml-2.0


PKG_CONFIG_LIBDIR=/home/desimonie/.bbxb/lfs/rpi3-aarch64/binaries/lib/aarch64-linux-gnu/pkgconfig:/home/desimonie/.bbxb/lfs/rpi3-aarch64/binaries/usr/lib/aarch64-linux-gnu/pkgconfig:/home/desimonie/.bbxb/lfs/rpi3-aarch64/binaries/usr/share/pkgconfig \
PKG_CONFIG_SYSROOT_DIR=/home/desimonie/.bbxb/lfs/rpi3-aarch64/binaries \
/home/desimonie/.bbxb/toolchain/bin/pkg-config --static --libs-only-other libxml-2.0


PKG_CONFIG_LIBDIR=/home/desimonie/.bbxb/lfs/rpi3-aarch64/binaries/lib/aarch64-linux-gnu/pkgconfig:/home/desimonie/.bbxb/lfs/rpi3-aarch64/binaries/usr/lib/aarch64-linux-gnu/pkgconfig:/home/desimonie/.bbxb/lfs/rpi3-aarch64/binaries/usr/share/pkgconfig \
PKG_CONFIG_SYSROOT_DIR=/home/desimonie/.bbxb/lfs/rpi3-aarch64/binaries \
/home/desimonie/.bbxb/toolchain/bin/pkg-config --cflags-only-I libxml-2.0
-I/home/desimonie/.bbxb/lfs/rpi3-aarch64/binaries/usr/include/libxml2

PKG_CONFIG_LIBDIR=/home/desimonie/.bbxb/lfs/rpi3-aarch64/binaries/lib/aarch64-linux-gnu/pkgconfig:/home/desimonie/.bbxb/lfs/rpi3-aarch64/binaries/usr/lib/aarch64-linux-gnu/pkgconfig:/home/desimonie/.bbxb/lfs/rpi3-aarch64/binaries/usr/share/pkgconfig \
PKG_CONFIG_SYSROOT_DIR=/home/desimonie/.bbxb/lfs/rpi3-aarch64/binaries \
/home/desimonie/.bbxb/toolchain/bin/pkg-config --static --cflags-only-I libxml-2.0
-I/home/desimonie/.bbxb/lfs/rpi3-aarch64/binaries/usr/include/libxml2

PKG_CONFIG_LIBDIR=/home/desimonie/.bbxb/lfs/rpi3-aarch64/binaries/lib/aarch64-linux-gnu/pkgconfig:/home/desimonie/.bbxb/lfs/rpi3-aarch64/binaries/usr/lib/aarch64-linux-gnu/pkgconfig:/home/desimonie/.bbxb/lfs/rpi3-aarch64/binaries/usr/share/pkgconfig \
PKG_CONFIG_SYSROOT_DIR=/home/desimonie/.bbxb/lfs/rpi3-aarch64/binaries \
/home/desimonie/.bbxb/toolchain/bin/pkg-config --cflags libxml-2.0
-I/home/desimonie/.bbxb/lfs/rpi3-aarch64/binaries/usr/include/libxml2

PKG_CONFIG_LIBDIR=/home/desimonie/.bbxb/lfs/rpi3-aarch64/binaries/lib/aarch64-linux-gnu/pkgconfig:/home/desimonie/.bbxb/lfs/rpi3-aarch64/binaries/usr/lib/aarch64-linux-gnu/pkgconfig:/home/desimonie/.bbxb/lfs/rpi3-aarch64/binaries/usr/share/pkgconfig \
PKG_CONFIG_SYSROOT_DIR=/home/desimonie/.bbxb/lfs/rpi3-aarch64/binaries \
/home/desimonie/.bbxb/toolchain/bin/pkg-config --static --cflags libxml-2.0
-I/home/desimonie/.bbxb/lfs/rpi3-aarch64/binaries/usr/include/libxml2

PKG_CONFIG_LIBDIR=/home/desimonie/.bbxb/lfs/rpi3-aarch64/binaries/lib/aarch64-linux-gnu/pkgconfig:/home/desimonie/.bbxb/lfs/rpi3-aarch64/binaries/usr/lib/aarch64-linux-gnu/pkgconfig:/home/desimonie/.bbxb/lfs/rpi3-aarch64/binaries/usr/share/pkgconfig \
PKG_CONFIG_SYSROOT_DIR=/home/desimonie/.bbxb/lfs/rpi3-aarch64/binaries \
/home/desimonie/.bbxb/toolchain/bin/pkg-config --cflags-only-other libxml-2.0


PKG_CONFIG_LIBDIR=/home/desimonie/.bbxb/lfs/rpi3-aarch64/binaries/lib/aarch64-linux-gnu/pkgconfig:/home/desimonie/.bbxb/lfs/rpi3-aarch64/binaries/usr/lib/aarch64-linux-gnu/pkgconfig:/home/desimonie/.bbxb/lfs/rpi3-aarch64/binaries/usr/share/pkgconfig \
PKG_CONFIG_SYSROOT_DIR=/home/desimonie/.bbxb/lfs/rpi3-aarch64/binaries \
/home/desimonie/.bbxb/toolchain/bin/pkg-config --static --cflags-only-other libxml-2.0


PKG_CONFIG_LIBDIR=/home/desimonie/.bbxb/lfs/rpi3-aarch64/binaries/lib/aarch64-linux-gnu/pkgconfig:/home/desimonie/.bbxb/lfs/rpi3-aarch64/binaries/usr/lib/aarch64-linux-gnu/pkgconfig:/home/desimonie/.bbxb/lfs/rpi3-aarch64/binaries/usr/share/pkgconfig \
PKG_CONFIG_SYSROOT_DIR=/home/desimonie/.bbxb/lfs/rpi3-aarch64/binaries \
/home/desimonie/.bbxb/toolchain/bin/pkg-config --version
0.29.2

PKG_CONFIG_LIBDIR=/home/desimonie/.bbxb/lfs/rpi3-aarch64/binaries/lib/aarch64-linux-gnu/pkgconfig:/home/desimonie/.bbxb/lfs/rpi3-aarch64/binaries/usr/lib/aarch64-linux-gnu/pkgconfig:/home/desimonie/.bbxb/lfs/rpi3-aarch64/binaries/usr/share/pkgconfig \
PKG_CONFIG_SYSROOT_DIR=/home/desimonie/.bbxb/lfs/rpi3-aarch64/binaries \
/home/desimonie/.bbxb/toolchain/bin/pkg-config --print-errors --short-errors --exists libedit

PKG_CONFIG_LIBDIR=/home/desimonie/.bbxb/lfs/rpi3-aarch64/binaries/lib/aarch64-linux-gnu/pkgconfig:/home/desimonie/.bbxb/lfs/rpi3-aarch64/binaries/usr/lib/aarch64-linux-gnu/pkgconfig:/home/desimonie/.bbxb/lfs/rpi3-aarch64/binaries/usr/share/pkgconfig \
PKG_CONFIG_SYSROOT_DIR=/home/desimonie/.bbxb/lfs/rpi3-aarch64/binaries \
/home/desimonie/.bbxb/toolchain/bin/pkg-config --version
0.29.2

PKG_CONFIG_LIBDIR=/home/desimonie/.bbxb/lfs/rpi3-aarch64/binaries/lib/aarch64-linux-gnu/pkgconfig:/home/desimonie/.bbxb/lfs/rpi3-aarch64/binaries/usr/lib/aarch64-linux-gnu/pkgconfig:/home/desimonie/.bbxb/lfs/rpi3-aarch64/binaries/usr/share/pkgconfig \
PKG_CONFIG_SYSROOT_DIR=/home/desimonie/.bbxb/lfs/rpi3-aarch64/binaries \
/home/desimonie/.bbxb/toolchain/bin/pkg-config --print-errors --short-errors --exists libedit

PKG_CONFIG_LIBDIR=/home/desimonie/.bbxb/lfs/rpi3-aarch64/binaries/lib/aarch64-linux-gnu/pkgconfig:/home/desimonie/.bbxb/lfs/rpi3-aarch64/binaries/usr/lib/aarch64-linux-gnu/pkgconfig:/home/desimonie/.bbxb/lfs/rpi3-aarch64/binaries/usr/share/pkgconfig \
PKG_CONFIG_SYSROOT_DIR=/home/desimonie/.bbxb/lfs/rpi3-aarch64/binaries \
/home/desimonie/.bbxb/toolchain/bin/pkg-config --version
0.29.2

PKG_CONFIG_LIBDIR=/home/desimonie/.bbxb/lfs/rpi3-aarch64/binaries/lib/aarch64-linux-gnu/pkgconfig:/home/desimonie/.bbxb/lfs/rpi3-aarch64/binaries/usr/lib/aarch64-linux-gnu/pkgconfig:/home/desimonie/.bbxb/lfs/rpi3-aarch64/binaries/usr/share/pkgconfig \
PKG_CONFIG_SYSROOT_DIR=/home/desimonie/.bbxb/lfs/rpi3-aarch64/binaries \
/home/desimonie/.bbxb/toolchain/bin/pkg-config --print-errors --short-errors --exists ncurses

PKG_CONFIG_LIBDIR=/home/desimonie/.bbxb/lfs/rpi3-aarch64/binaries/lib/aarch64-linux-gnu/pkgconfig:/home/desimonie/.bbxb/lfs/rpi3-aarch64/binaries/usr/lib/aarch64-linux-gnu/pkgconfig:/home/desimonie/.bbxb/lfs/rpi3-aarch64/binaries/usr/share/pkgconfig \
PKG_CONFIG_SYSROOT_DIR=/home/desimonie/.bbxb/lfs/rpi3-aarch64/binaries \
/home/desimonie/.bbxb/toolchain/bin/pkg-config --version
0.29.2

PKG_CONFIG_LIBDIR=/home/desimonie/.bbxb/lfs/rpi3-aarch64/binaries/lib/aarch64-linux-gnu/pkgconfig:/home/desimonie/.bbxb/lfs/rpi3-aarch64/binaries/usr/lib/aarch64-linux-gnu/pkgconfig:/home/desimonie/.bbxb/lfs/rpi3-aarch64/binaries/usr/share/pkgconfig \
PKG_CONFIG_SYSROOT_DIR=/home/desimonie/.bbxb/lfs/rpi3-aarch64/binaries \
/home/desimonie/.bbxb/toolchain/bin/pkg-config --version
0.29.2

PKG_CONFIG_LIBDIR=/home/desimonie/.bbxb/lfs/rpi3-aarch64/binaries/lib/aarch64-linux-gnu/pkgconfig:/home/desimonie/.bbxb/lfs/rpi3-aarch64/binaries/usr/lib/aarch64-linux-gnu/pkgconfig:/home/desimonie/.bbxb/lfs/rpi3-aarch64/binaries/usr/share/pkgconfig \
PKG_CONFIG_SYSROOT_DIR=/home/desimonie/.bbxb/lfs/rpi3-aarch64/binaries \
/home/desimonie/.bbxb/toolchain/bin/pkg-config --print-errors --short-errors --exists libxml-2.0

PKG_CONFIG_LIBDIR=/home/desimonie/.bbxb/lfs/rpi3-aarch64/binaries/lib/aarch64-linux-gnu/pkgconfig:/home/desimonie/.bbxb/lfs/rpi3-aarch64/binaries/usr/lib/aarch64-linux-gnu/pkgconfig:/home/desimonie/.bbxb/lfs/rpi3-aarch64/binaries/usr/share/pkgconfig \
PKG_CONFIG_SYSROOT_DIR=/home/desimonie/.bbxb/lfs/rpi3-aarch64/binaries \
/home/desimonie/.bbxb/toolchain/bin/pkg-config --modversion libxml-2.0
2.10.1

PKG_CONFIG_LIBDIR=/home/desimonie/.bbxb/lfs/rpi3-aarch64/binaries/lib/aarch64-linux-gnu/pkgconfig:/home/desimonie/.bbxb/lfs/rpi3-aarch64/binaries/usr/lib/aarch64-linux-gnu/pkgconfig:/home/desimonie/.bbxb/lfs/rpi3-aarch64/binaries/usr/share/pkgconfig \
PKG_CONFIG_SYSROOT_DIR=/home/desimonie/.bbxb/lfs/rpi3-aarch64/binaries \
/home/desimonie/.bbxb/toolchain/bin/pkg-config --variable=prefix libxml-2.0
/usr

PKG_CONFIG_LIBDIR=/home/desimonie/.bbxb/lfs/rpi3-aarch64/binaries/lib/aarch64-linux-gnu/pkgconfig:/home/desimonie/.bbxb/lfs/rpi3-aarch64/binaries/usr/lib/aarch64-linux-gnu/pkgconfig:/home/desimonie/.bbxb/lfs/rpi3-aarch64/binaries/usr/share/pkgconfig \
PKG_CONFIG_SYSROOT_DIR=/home/desimonie/.bbxb/lfs/rpi3-aarch64/binaries \
/home/desimonie/.bbxb/toolchain/bin/pkg-config --variable=includedir libxml-2.0
/usr/include

PKG_CONFIG_LIBDIR=/home/desimonie/.bbxb/lfs/rpi3-aarch64/binaries/lib/aarch64-linux-gnu/pkgconfig:/home/desimonie/.bbxb/lfs/rpi3-aarch64/binaries/usr/lib/aarch64-linux-gnu/pkgconfig:/home/desimonie/.bbxb/lfs/rpi3-aarch64/binaries/usr/share/pkgconfig \
PKG_CONFIG_SYSROOT_DIR=/home/desimonie/.bbxb/lfs/rpi3-aarch64/binaries \
/home/desimonie/.bbxb/toolchain/bin/pkg-config --variable=libdir libxml-2.0
/usr/lib/aarch64-linux-gnu

PKG_CONFIG_LIBDIR=/home/desimonie/.bbxb/lfs/rpi3-aarch64/binaries/lib/aarch64-linux-gnu/pkgconfig:/home/desimonie/.bbxb/lfs/rpi3-aarch64/binaries/usr/lib/aarch64-linux-gnu/pkgconfig:/home/desimonie/.bbxb/lfs/rpi3-aarch64/binaries/usr/share/pkgconfig \
PKG_CONFIG_SYSROOT_DIR=/home/desimonie/.bbxb/lfs/rpi3-aarch64/binaries \
/home/desimonie/.bbxb/toolchain/bin/pkg-config --libs-only-l libxml-2.0
-lxml2

PKG_CONFIG_LIBDIR=/home/desimonie/.bbxb/lfs/rpi3-aarch64/binaries/lib/aarch64-linux-gnu/pkgconfig:/home/desimonie/.bbxb/lfs/rpi3-aarch64/binaries/usr/lib/aarch64-linux-gnu/pkgconfig:/home/desimonie/.bbxb/lfs/rpi3-aarch64/binaries/usr/share/pkgconfig \
PKG_CONFIG_SYSROOT_DIR=/home/desimonie/.bbxb/lfs/rpi3-aarch64/binaries \
/home/desimonie/.bbxb/toolchain/bin/pkg-config --static --libs-only-l libxml-2.0
-lxml2 -lz -llzma -licui18n -licuuc -licudata -lm

PKG_CONFIG_LIBDIR=/home/desimonie/.bbxb/lfs/rpi3-aarch64/binaries/lib/aarch64-linux-gnu/pkgconfig:/home/desimonie/.bbxb/lfs/rpi3-aarch64/binaries/usr/lib/aarch64-linux-gnu/pkgconfig:/home/desimonie/.bbxb/lfs/rpi3-aarch64/binaries/usr/share/pkgconfig \
PKG_CONFIG_SYSROOT_DIR=/home/desimonie/.bbxb/lfs/rpi3-aarch64/binaries \
/home/desimonie/.bbxb/toolchain/bin/pkg-config --libs-only-L libxml-2.0
-L/home/desimonie/.bbxb/lfs/rpi3-aarch64/binaries/usr/lib/aarch64-linux-gnu

PKG_CONFIG_LIBDIR=/home/desimonie/.bbxb/lfs/rpi3-aarch64/binaries/lib/aarch64-linux-gnu/pkgconfig:/home/desimonie/.bbxb/lfs/rpi3-aarch64/binaries/usr/lib/aarch64-linux-gnu/pkgconfig:/home/desimonie/.bbxb/lfs/rpi3-aarch64/binaries/usr/share/pkgconfig \
PKG_CONFIG_SYSROOT_DIR=/home/desimonie/.bbxb/lfs/rpi3-aarch64/binaries \
/home/desimonie/.bbxb/toolchain/bin/pkg-config --static --libs-only-L libxml-2.0
-L/home/desimonie/.bbxb/lfs/rpi3-aarch64/binaries/usr/lib/aarch64-linux-gnu -L/home/desimonie/.bbxb/lfs/rpi3-aarch64/binaries/home/desimonie/.bbxb/lfs/rpi3-aarch64/binaries/usr/lib/aarch64-linux-gnu

PKG_CONFIG_LIBDIR=/home/desimonie/.bbxb/lfs/rpi3-aarch64/binaries/lib/aarch64-linux-gnu/pkgconfig:/home/desimonie/.bbxb/lfs/rpi3-aarch64/binaries/usr/lib/aarch64-linux-gnu/pkgconfig:/home/desimonie/.bbxb/lfs/rpi3-aarch64/binaries/usr/share/pkgconfig \
PKG_CONFIG_SYSROOT_DIR=/home/desimonie/.bbxb/lfs/rpi3-aarch64/binaries \
/home/desimonie/.bbxb/toolchain/bin/pkg-config --libs libxml-2.0
-L/home/desimonie/.bbxb/lfs/rpi3-aarch64/binaries/usr/lib/aarch64-linux-gnu -lxml2

PKG_CONFIG_LIBDIR=/home/desimonie/.bbxb/lfs/rpi3-aarch64/binaries/lib/aarch64-linux-gnu/pkgconfig:/home/desimonie/.bbxb/lfs/rpi3-aarch64/binaries/usr/lib/aarch64-linux-gnu/pkgconfig:/home/desimonie/.bbxb/lfs/rpi3-aarch64/binaries/usr/share/pkgconfig \
PKG_CONFIG_SYSROOT_DIR=/home/desimonie/.bbxb/lfs/rpi3-aarch64/binaries \
/home/desimonie/.bbxb/toolchain/bin/pkg-config --static --libs libxml-2.0
-L/home/desimonie/.bbxb/lfs/rpi3-aarch64/binaries/usr/lib/aarch64-linux-gnu -L/home/desimonie/.bbxb/lfs/rpi3-aarch64/binaries/home/desimonie/.bbxb/lfs/rpi3-aarch64/binaries/usr/lib/aarch64-linux-gnu -lxml2 -lz -llzma -licui18n -licuuc -licudata -lm

PKG_CONFIG_LIBDIR=/home/desimonie/.bbxb/lfs/rpi3-aarch64/binaries/lib/aarch64-linux-gnu/pkgconfig:/home/desimonie/.bbxb/lfs/rpi3-aarch64/binaries/usr/lib/aarch64-linux-gnu/pkgconfig:/home/desimonie/.bbxb/lfs/rpi3-aarch64/binaries/usr/share/pkgconfig \
PKG_CONFIG_SYSROOT_DIR=/home/desimonie/.bbxb/lfs/rpi3-aarch64/binaries \
/home/desimonie/.bbxb/toolchain/bin/pkg-config --libs-only-other libxml-2.0


PKG_CONFIG_LIBDIR=/home/desimonie/.bbxb/lfs/rpi3-aarch64/binaries/lib/aarch64-linux-gnu/pkgconfig:/home/desimonie/.bbxb/lfs/rpi3-aarch64/binaries/usr/lib/aarch64-linux-gnu/pkgconfig:/home/desimonie/.bbxb/lfs/rpi3-aarch64/binaries/usr/share/pkgconfig \
PKG_CONFIG_SYSROOT_DIR=/home/desimonie/.bbxb/lfs/rpi3-aarch64/binaries \
/home/desimonie/.bbxb/toolchain/bin/pkg-config --static --libs-only-other libxml-2.0


PKG_CONFIG_LIBDIR=/home/desimonie/.bbxb/lfs/rpi3-aarch64/binaries/lib/aarch64-linux-gnu/pkgconfig:/home/desimonie/.bbxb/lfs/rpi3-aarch64/binaries/usr/lib/aarch64-linux-gnu/pkgconfig:/home/desimonie/.bbxb/lfs/rpi3-aarch64/binaries/usr/share/pkgconfig \
PKG_CONFIG_SYSROOT_DIR=/home/desimonie/.bbxb/lfs/rpi3-aarch64/binaries \
/home/desimonie/.bbxb/toolchain/bin/pkg-config --cflags-only-I libxml-2.0
-I/home/desimonie/.bbxb/lfs/rpi3-aarch64/binaries/usr/include/libxml2

PKG_CONFIG_LIBDIR=/home/desimonie/.bbxb/lfs/rpi3-aarch64/binaries/lib/aarch64-linux-gnu/pkgconfig:/home/desimonie/.bbxb/lfs/rpi3-aarch64/binaries/usr/lib/aarch64-linux-gnu/pkgconfig:/home/desimonie/.bbxb/lfs/rpi3-aarch64/binaries/usr/share/pkgconfig \
PKG_CONFIG_SYSROOT_DIR=/home/desimonie/.bbxb/lfs/rpi3-aarch64/binaries \
/home/desimonie/.bbxb/toolchain/bin/pkg-config --static --cflags-only-I libxml-2.0
-I/home/desimonie/.bbxb/lfs/rpi3-aarch64/binaries/usr/include/libxml2

PKG_CONFIG_LIBDIR=/home/desimonie/.bbxb/lfs/rpi3-aarch64/binaries/lib/aarch64-linux-gnu/pkgconfig:/home/desimonie/.bbxb/lfs/rpi3-aarch64/binaries/usr/lib/aarch64-linux-gnu/pkgconfig:/home/desimonie/.bbxb/lfs/rpi3-aarch64/binaries/usr/share/pkgconfig \
PKG_CONFIG_SYSROOT_DIR=/home/desimonie/.bbxb/lfs/rpi3-aarch64/binaries \
/home/desimonie/.bbxb/toolchain/bin/pkg-config --cflags libxml-2.0
-I/home/desimonie/.bbxb/lfs/rpi3-aarch64/binaries/usr/include/libxml2

PKG_CONFIG_LIBDIR=/home/desimonie/.bbxb/lfs/rpi3-aarch64/binaries/lib/aarch64-linux-gnu/pkgconfig:/home/desimonie/.bbxb/lfs/rpi3-aarch64/binaries/usr/lib/aarch64-linux-gnu/pkgconfig:/home/desimonie/.bbxb/lfs/rpi3-aarch64/binaries/usr/share/pkgconfig \
PKG_CONFIG_SYSROOT_DIR=/home/desimonie/.bbxb/lfs/rpi3-aarch64/binaries \
/home/desimonie/.bbxb/toolchain/bin/pkg-config --static --cflags libxml-2.0
-I/home/desimonie/.bbxb/lfs/rpi3-aarch64/binaries/usr/include/libxml2

PKG_CONFIG_LIBDIR=/home/desimonie/.bbxb/lfs/rpi3-aarch64/binaries/lib/aarch64-linux-gnu/pkgconfig:/home/desimonie/.bbxb/lfs/rpi3-aarch64/binaries/usr/lib/aarch64-linux-gnu/pkgconfig:/home/desimonie/.bbxb/lfs/rpi3-aarch64/binaries/usr/share/pkgconfig \
PKG_CONFIG_SYSROOT_DIR=/home/desimonie/.bbxb/lfs/rpi3-aarch64/binaries \
/home/desimonie/.bbxb/toolchain/bin/pkg-config --cflags-only-other libxml-2.0


PKG_CONFIG_LIBDIR=/home/desimonie/.bbxb/lfs/rpi3-aarch64/binaries/lib/aarch64-linux-gnu/pkgconfig:/home/desimonie/.bbxb/lfs/rpi3-aarch64/binaries/usr/lib/aarch64-linux-gnu/pkgconfig:/home/desimonie/.bbxb/lfs/rpi3-aarch64/binaries/usr/share/pkgconfig \
PKG_CONFIG_SYSROOT_DIR=/home/desimonie/.bbxb/lfs/rpi3-aarch64/binaries \
/home/desimonie/.bbxb/toolchain/bin/pkg-config --static --cflags-only-other libxml-2.0


PKG_CONFIG_LIBDIR=/home/desimonie/.bbxb/lfs/rpi3-aarch64/binaries/lib/aarch64-linux-gnu/pkgconfig:/home/desimonie/.bbxb/lfs/rpi3-aarch64/binaries/usr/lib/aarch64-linux-gnu/pkgconfig:/home/desimonie/.bbxb/lfs/rpi3-aarch64/binaries/usr/share/pkgconfig \
PKG_CONFIG_SYSROOT_DIR=/home/desimonie/.bbxb/lfs/rpi3-aarch64/binaries \
/home/desimonie/.bbxb/toolchain/bin/pkg-config --version
0.29.2

PKG_CONFIG_LIBDIR=/home/desimonie/.bbxb/lfs/rpi3-aarch64/binaries/lib/aarch64-linux-gnu/pkgconfig:/home/desimonie/.bbxb/lfs/rpi3-aarch64/binaries/usr/lib/aarch64-linux-gnu/pkgconfig:/home/desimonie/.bbxb/lfs/rpi3-aarch64/binaries/usr/share/pkgconfig \
PKG_CONFIG_SYSROOT_DIR=/home/desimonie/.bbxb/lfs/rpi3-aarch64/binaries \
/home/desimonie/.bbxb/toolchain/bin/pkg-config --print-errors --short-errors --exists libedit

PKG_CONFIG_LIBDIR=/home/desimonie/.bbxb/lfs/rpi3-aarch64/binaries/lib/aarch64-linux-gnu/pkgconfig:/home/desimonie/.bbxb/lfs/rpi3-aarch64/binaries/usr/lib/aarch64-linux-gnu/pkgconfig:/home/desimonie/.bbxb/lfs/rpi3-aarch64/binaries/usr/share/pkgconfig \
PKG_CONFIG_SYSROOT_DIR=/home/desimonie/.bbxb/lfs/rpi3-aarch64/binaries \
/home/desimonie/.bbxb/toolchain/bin/pkg-config --version
0.29.2

PKG_CONFIG_LIBDIR=/home/desimonie/.bbxb/lfs/rpi3-aarch64/binaries/lib/aarch64-linux-gnu/pkgconfig:/home/desimonie/.bbxb/lfs/rpi3-aarch64/binaries/usr/lib/aarch64-linux-gnu/pkgconfig:/home/desimonie/.bbxb/lfs/rpi3-aarch64/binaries/usr/share/pkgconfig \
PKG_CONFIG_SYSROOT_DIR=/home/desimonie/.bbxb/lfs/rpi3-aarch64/binaries \
/home/desimonie/.bbxb/toolchain/bin/pkg-config --print-errors --short-errors --exists libedit

PKG_CONFIG_LIBDIR=/home/desimonie/.bbxb/lfs/rpi3-aarch64/binaries/lib/aarch64-linux-gnu/pkgconfig:/home/desimonie/.bbxb/lfs/rpi3-aarch64/binaries/usr/lib/aarch64-linux-gnu/pkgconfig:/home/desimonie/.bbxb/lfs/rpi3-aarch64/binaries/usr/share/pkgconfig \
PKG_CONFIG_SYSROOT_DIR=/home/desimonie/.bbxb/lfs/rpi3-aarch64/binaries \
/home/desimonie/.bbxb/toolchain/bin/pkg-config --version
0.29.2

PKG_CONFIG_LIBDIR=/home/desimonie/.bbxb/lfs/rpi3-aarch64/binaries/lib/aarch64-linux-gnu/pkgconfig:/home/desimonie/.bbxb/lfs/rpi3-aarch64/binaries/usr/lib/aarch64-linux-gnu/pkgconfig:/home/desimonie/.bbxb/lfs/rpi3-aarch64/binaries/usr/share/pkgconfig \
PKG_CONFIG_SYSROOT_DIR=/home/desimonie/.bbxb/lfs/rpi3-aarch64/binaries \
/home/desimonie/.bbxb/toolchain/bin/pkg-config --print-errors --short-errors --exists ncurses

PKG_CONFIG_LIBDIR=/home/desimonie/.bbxb/lfs/rpi3-aarch64/binaries/lib/aarch64-linux-gnu/pkgconfig:/home/desimonie/.bbxb/lfs/rpi3-aarch64/binaries/usr/lib/aarch64-linux-gnu/pkgconfig:/home/desimonie/.bbxb/lfs/rpi3-aarch64/binaries/usr/share/pkgconfig \
PKG_CONFIG_SYSROOT_DIR=/home/desimonie/.bbxb/lfs/rpi3-aarch64/binaries \
/home/desimonie/.bbxb/toolchain/bin/pkg-config --version
0.29.2

PKG_CONFIG_LIBDIR=/home/desimonie/.bbxb/lfs/rpi3-aarch64/binaries/lib/aarch64-linux-gnu/pkgconfig:/home/desimonie/.bbxb/lfs/rpi3-aarch64/binaries/usr/lib/aarch64-linux-gnu/pkgconfig:/home/desimonie/.bbxb/lfs/rpi3-aarch64/binaries/usr/share/pkgconfig \
PKG_CONFIG_SYSROOT_DIR=/home/desimonie/.bbxb/lfs/rpi3-aarch64/binaries \
/home/desimonie/.bbxb/toolchain/bin/pkg-config --version
0.29.2

PKG_CONFIG_LIBDIR=/home/desimonie/.bbxb/lfs/rpi3-aarch64/binaries/lib/aarch64-linux-gnu/pkgconfig:/home/desimonie/.bbxb/lfs/rpi3-aarch64/binaries/usr/lib/aarch64-linux-gnu/pkgconfig:/home/desimonie/.bbxb/lfs/rpi3-aarch64/binaries/usr/share/pkgconfig \
PKG_CONFIG_SYSROOT_DIR=/home/desimonie/.bbxb/lfs/rpi3-aarch64/binaries \
/home/desimonie/.bbxb/toolchain/bin/pkg-config --print-errors --short-errors --exists libxml-2.0

PKG_CONFIG_LIBDIR=/home/desimonie/.bbxb/lfs/rpi3-aarch64/binaries/lib/aarch64-linux-gnu/pkgconfig:/home/desimonie/.bbxb/lfs/rpi3-aarch64/binaries/usr/lib/aarch64-linux-gnu/pkgconfig:/home/desimonie/.bbxb/lfs/rpi3-aarch64/binaries/usr/share/pkgconfig \
PKG_CONFIG_SYSROOT_DIR=/home/desimonie/.bbxb/lfs/rpi3-aarch64/binaries \
/home/desimonie/.bbxb/toolchain/bin/pkg-config --modversion libxml-2.0
2.10.1

PKG_CONFIG_LIBDIR=/home/desimonie/.bbxb/lfs/rpi3-aarch64/binaries/lib/aarch64-linux-gnu/pkgconfig:/home/desimonie/.bbxb/lfs/rpi3-aarch64/binaries/usr/lib/aarch64-linux-gnu/pkgconfig:/home/desimonie/.bbxb/lfs/rpi3-aarch64/binaries/usr/share/pkgconfig \
PKG_CONFIG_SYSROOT_DIR=/home/desimonie/.bbxb/lfs/rpi3-aarch64/binaries \
/home/desimonie/.bbxb/toolchain/bin/pkg-config --variable=prefix libxml-2.0
/usr

PKG_CONFIG_LIBDIR=/home/desimonie/.bbxb/lfs/rpi3-aarch64/binaries/lib/aarch64-linux-gnu/pkgconfig:/home/desimonie/.bbxb/lfs/rpi3-aarch64/binaries/usr/lib/aarch64-linux-gnu/pkgconfig:/home/desimonie/.bbxb/lfs/rpi3-aarch64/binaries/usr/share/pkgconfig \
PKG_CONFIG_SYSROOT_DIR=/home/desimonie/.bbxb/lfs/rpi3-aarch64/binaries \
/home/desimonie/.bbxb/toolchain/bin/pkg-config --variable=includedir libxml-2.0
/usr/include

PKG_CONFIG_LIBDIR=/home/desimonie/.bbxb/lfs/rpi3-aarch64/binaries/lib/aarch64-linux-gnu/pkgconfig:/home/desimonie/.bbxb/lfs/rpi3-aarch64/binaries/usr/lib/aarch64-linux-gnu/pkgconfig:/home/desimonie/.bbxb/lfs/rpi3-aarch64/binaries/usr/share/pkgconfig \
PKG_CONFIG_SYSROOT_DIR=/home/desimonie/.bbxb/lfs/rpi3-aarch64/binaries \
/home/desimonie/.bbxb/toolchain/bin/pkg-config --variable=libdir libxml-2.0
/usr/lib/aarch64-linux-gnu

PKG_CONFIG_LIBDIR=/home/desimonie/.bbxb/lfs/rpi3-aarch64/binaries/lib/aarch64-linux-gnu/pkgconfig:/home/desimonie/.bbxb/lfs/rpi3-aarch64/binaries/usr/lib/aarch64-linux-gnu/pkgconfig:/home/desimonie/.bbxb/lfs/rpi3-aarch64/binaries/usr/share/pkgconfig \
PKG_CONFIG_SYSROOT_DIR=/home/desimonie/.bbxb/lfs/rpi3-aarch64/binaries \
/home/desimonie/.bbxb/toolchain/bin/pkg-config --libs-only-l libxml-2.0
-lxml2

PKG_CONFIG_LIBDIR=/home/desimonie/.bbxb/lfs/rpi3-aarch64/binaries/lib/aarch64-linux-gnu/pkgconfig:/home/desimonie/.bbxb/lfs/rpi3-aarch64/binaries/usr/lib/aarch64-linux-gnu/pkgconfig:/home/desimonie/.bbxb/lfs/rpi3-aarch64/binaries/usr/share/pkgconfig \
PKG_CONFIG_SYSROOT_DIR=/home/desimonie/.bbxb/lfs/rpi3-aarch64/binaries \
/home/desimonie/.bbxb/toolchain/bin/pkg-config --static --libs-only-l libxml-2.0
-lxml2 -lz -llzma -licui18n -licuuc -licudata -lm

PKG_CONFIG_LIBDIR=/home/desimonie/.bbxb/lfs/rpi3-aarch64/binaries/lib/aarch64-linux-gnu/pkgconfig:/home/desimonie/.bbxb/lfs/rpi3-aarch64/binaries/usr/lib/aarch64-linux-gnu/pkgconfig:/home/desimonie/.bbxb/lfs/rpi3-aarch64/binaries/usr/share/pkgconfig \
PKG_CONFIG_SYSROOT_DIR=/home/desimonie/.bbxb/lfs/rpi3-aarch64/binaries \
/home/desimonie/.bbxb/toolchain/bin/pkg-config --libs-only-L libxml-2.0
-L/home/desimonie/.bbxb/lfs/rpi3-aarch64/binaries/usr/lib/aarch64-linux-gnu

PKG_CONFIG_LIBDIR=/home/desimonie/.bbxb/lfs/rpi3-aarch64/binaries/lib/aarch64-linux-gnu/pkgconfig:/home/desimonie/.bbxb/lfs/rpi3-aarch64/binaries/usr/lib/aarch64-linux-gnu/pkgconfig:/home/desimonie/.bbxb/lfs/rpi3-aarch64/binaries/usr/share/pkgconfig \
PKG_CONFIG_SYSROOT_DIR=/home/desimonie/.bbxb/lfs/rpi3-aarch64/binaries \
/home/desimonie/.bbxb/toolchain/bin/pkg-config --static --libs-only-L libxml-2.0
-L/home/desimonie/.bbxb/lfs/rpi3-aarch64/binaries/usr/lib/aarch64-linux-gnu -L/home/desimonie/.bbxb/lfs/rpi3-aarch64/binaries/home/desimonie/.bbxb/lfs/rpi3-aarch64/binaries/usr/lib/aarch64-linux-gnu

PKG_CONFIG_LIBDIR=/home/desimonie/.bbxb/lfs/rpi3-aarch64/binaries/lib/aarch64-linux-gnu/pkgconfig:/home/desimonie/.bbxb/lfs/rpi3-aarch64/binaries/usr/lib/aarch64-linux-gnu/pkgconfig:/home/desimonie/.bbxb/lfs/rpi3-aarch64/binaries/usr/share/pkgconfig \
PKG_CONFIG_SYSROOT_DIR=/home/desimonie/.bbxb/lfs/rpi3-aarch64/binaries \
/home/desimonie/.bbxb/toolchain/bin/pkg-config --libs libxml-2.0
-L/home/desimonie/.bbxb/lfs/rpi3-aarch64/binaries/usr/lib/aarch64-linux-gnu -lxml2

PKG_CONFIG_LIBDIR=/home/desimonie/.bbxb/lfs/rpi3-aarch64/binaries/lib/aarch64-linux-gnu/pkgconfig:/home/desimonie/.bbxb/lfs/rpi3-aarch64/binaries/usr/lib/aarch64-linux-gnu/pkgconfig:/home/desimonie/.bbxb/lfs/rpi3-aarch64/binaries/usr/share/pkgconfig \
PKG_CONFIG_SYSROOT_DIR=/home/desimonie/.bbxb/lfs/rpi3-aarch64/binaries \
/home/desimonie/.bbxb/toolchain/bin/pkg-config --static --libs libxml-2.0
-L/home/desimonie/.bbxb/lfs/rpi3-aarch64/binaries/usr/lib/aarch64-linux-gnu -L/home/desimonie/.bbxb/lfs/rpi3-aarch64/binaries/home/desimonie/.bbxb/lfs/rpi3-aarch64/binaries/usr/lib/aarch64-linux-gnu -lxml2 -lz -llzma -licui18n -licuuc -licudata -lm

PKG_CONFIG_LIBDIR=/home/desimonie/.bbxb/lfs/rpi3-aarch64/binaries/lib/aarch64-linux-gnu/pkgconfig:/home/desimonie/.bbxb/lfs/rpi3-aarch64/binaries/usr/lib/aarch64-linux-gnu/pkgconfig:/home/desimonie/.bbxb/lfs/rpi3-aarch64/binaries/usr/share/pkgconfig \
PKG_CONFIG_SYSROOT_DIR=/home/desimonie/.bbxb/lfs/rpi3-aarch64/binaries \
/home/desimonie/.bbxb/toolchain/bin/pkg-config --libs-only-other libxml-2.0


PKG_CONFIG_LIBDIR=/home/desimonie/.bbxb/lfs/rpi3-aarch64/binaries/lib/aarch64-linux-gnu/pkgconfig:/home/desimonie/.bbxb/lfs/rpi3-aarch64/binaries/usr/lib/aarch64-linux-gnu/pkgconfig:/home/desimonie/.bbxb/lfs/rpi3-aarch64/binaries/usr/share/pkgconfig \
PKG_CONFIG_SYSROOT_DIR=/home/desimonie/.bbxb/lfs/rpi3-aarch64/binaries \
/home/desimonie/.bbxb/toolchain/bin/pkg-config --static --libs-only-other libxml-2.0


PKG_CONFIG_LIBDIR=/home/desimonie/.bbxb/lfs/rpi3-aarch64/binaries/lib/aarch64-linux-gnu/pkgconfig:/home/desimonie/.bbxb/lfs/rpi3-aarch64/binaries/usr/lib/aarch64-linux-gnu/pkgconfig:/home/desimonie/.bbxb/lfs/rpi3-aarch64/binaries/usr/share/pkgconfig \
PKG_CONFIG_SYSROOT_DIR=/home/desimonie/.bbxb/lfs/rpi3-aarch64/binaries \
/home/desimonie/.bbxb/toolchain/bin/pkg-config --cflags-only-I libxml-2.0
-I/home/desimonie/.bbxb/lfs/rpi3-aarch64/binaries/usr/include/libxml2

PKG_CONFIG_LIBDIR=/home/desimonie/.bbxb/lfs/rpi3-aarch64/binaries/lib/aarch64-linux-gnu/pkgconfig:/home/desimonie/.bbxb/lfs/rpi3-aarch64/binaries/usr/lib/aarch64-linux-gnu/pkgconfig:/home/desimonie/.bbxb/lfs/rpi3-aarch64/binaries/usr/share/pkgconfig \
PKG_CONFIG_SYSROOT_DIR=/home/desimonie/.bbxb/lfs/rpi3-aarch64/binaries \
/home/desimonie/.bbxb/toolchain/bin/pkg-config --static --cflags-only-I libxml-2.0
-I/home/desimonie/.bbxb/lfs/rpi3-aarch64/binaries/usr/include/libxml2

PKG_CONFIG_LIBDIR=/home/desimonie/.bbxb/lfs/rpi3-aarch64/binaries/lib/aarch64-linux-gnu/pkgconfig:/home/desimonie/.bbxb/lfs/rpi3-aarch64/binaries/usr/lib/aarch64-linux-gnu/pkgconfig:/home/desimonie/.bbxb/lfs/rpi3-aarch64/binaries/usr/share/pkgconfig \
PKG_CONFIG_SYSROOT_DIR=/home/desimonie/.bbxb/lfs/rpi3-aarch64/binaries \
/home/desimonie/.bbxb/toolchain/bin/pkg-config --cflags libxml-2.0
-I/home/desimonie/.bbxb/lfs/rpi3-aarch64/binaries/usr/include/libxml2

PKG_CONFIG_LIBDIR=/home/desimonie/.bbxb/lfs/rpi3-aarch64/binaries/lib/aarch64-linux-gnu/pkgconfig:/home/desimonie/.bbxb/lfs/rpi3-aarch64/binaries/usr/lib/aarch64-linux-gnu/pkgconfig:/home/desimonie/.bbxb/lfs/rpi3-aarch64/binaries/usr/share/pkgconfig \
PKG_CONFIG_SYSROOT_DIR=/home/desimonie/.bbxb/lfs/rpi3-aarch64/binaries \
/home/desimonie/.bbxb/toolchain/bin/pkg-config --static --cflags libxml-2.0
-I/home/desimonie/.bbxb/lfs/rpi3-aarch64/binaries/usr/include/libxml2

PKG_CONFIG_LIBDIR=/home/desimonie/.bbxb/lfs/rpi3-aarch64/binaries/lib/aarch64-linux-gnu/pkgconfig:/home/desimonie/.bbxb/lfs/rpi3-aarch64/binaries/usr/lib/aarch64-linux-gnu/pkgconfig:/home/desimonie/.bbxb/lfs/rpi3-aarch64/binaries/usr/share/pkgconfig \
PKG_CONFIG_SYSROOT_DIR=/home/desimonie/.bbxb/lfs/rpi3-aarch64/binaries \
/home/desimonie/.bbxb/toolchain/bin/pkg-config --cflags-only-other libxml-2.0


PKG_CONFIG_LIBDIR=/home/desimonie/.bbxb/lfs/rpi3-aarch64/binaries/lib/aarch64-linux-gnu/pkgconfig:/home/desimonie/.bbxb/lfs/rpi3-aarch64/binaries/usr/lib/aarch64-linux-gnu/pkgconfig:/home/desimonie/.bbxb/lfs/rpi3-aarch64/binaries/usr/share/pkgconfig \
PKG_CONFIG_SYSROOT_DIR=/home/desimonie/.bbxb/lfs/rpi3-aarch64/binaries \
/home/desimonie/.bbxb/toolchain/bin/pkg-config --static --cflags-only-other libxml-2.0


PKG_CONFIG_LIBDIR=/home/desimonie/.bbxb/lfs/rpi3-aarch64/binaries/lib/aarch64-linux-gnu/pkgconfig:/home/desimonie/.bbxb/lfs/rpi3-aarch64/binaries/usr/lib/aarch64-linux-gnu/pkgconfig:/home/desimonie/.bbxb/lfs/rpi3-aarch64/binaries/usr/share/pkgconfig \
PKG_CONFIG_SYSROOT_DIR=/home/desimonie/.bbxb/lfs/rpi3-aarch64/binaries \
/home/desimonie/.bbxb/toolchain/bin/pkg-config --version
0.29.2

PKG_CONFIG_LIBDIR=/home/desimonie/.bbxb/lfs/rpi3-aarch64/binaries/lib/aarch64-linux-gnu/pkgconfig:/home/desimonie/.bbxb/lfs/rpi3-aarch64/binaries/usr/lib/aarch64-linux-gnu/pkgconfig:/home/desimonie/.bbxb/lfs/rpi3-aarch64/binaries/usr/share/pkgconfig \
PKG_CONFIG_SYSROOT_DIR=/home/desimonie/.bbxb/lfs/rpi3-aarch64/binaries \
/home/desimonie/.bbxb/toolchain/bin/pkg-config --print-errors --short-errors --exists libedit

PKG_CONFIG_LIBDIR=/home/desimonie/.bbxb/lfs/rpi3-aarch64/binaries/lib/aarch64-linux-gnu/pkgconfig:/home/desimonie/.bbxb/lfs/rpi3-aarch64/binaries/usr/lib/aarch64-linux-gnu/pkgconfig:/home/desimonie/.bbxb/lfs/rpi3-aarch64/binaries/usr/share/pkgconfig \
PKG_CONFIG_SYSROOT_DIR=/home/desimonie/.bbxb/lfs/rpi3-aarch64/binaries \
/home/desimonie/.bbxb/toolchain/bin/pkg-config --version
0.29.2

PKG_CONFIG_LIBDIR=/home/desimonie/.bbxb/lfs/rpi3-aarch64/binaries/lib/aarch64-linux-gnu/pkgconfig:/home/desimonie/.bbxb/lfs/rpi3-aarch64/binaries/usr/lib/aarch64-linux-gnu/pkgconfig:/home/desimonie/.bbxb/lfs/rpi3-aarch64/binaries/usr/share/pkgconfig \
PKG_CONFIG_SYSROOT_DIR=/home/desimonie/.bbxb/lfs/rpi3-aarch64/binaries \
/home/desimonie/.bbxb/toolchain/bin/pkg-config --print-errors --short-errors --exists libedit

PKG_CONFIG_LIBDIR=/home/desimonie/.bbxb/lfs/rpi3-aarch64/binaries/lib/aarch64-linux-gnu/pkgconfig:/home/desimonie/.bbxb/lfs/rpi3-aarch64/binaries/usr/lib/aarch64-linux-gnu/pkgconfig:/home/desimonie/.bbxb/lfs/rpi3-aarch64/binaries/usr/share/pkgconfig \
PKG_CONFIG_SYSROOT_DIR=/home/desimonie/.bbxb/lfs/rpi3-aarch64/binaries \
/home/desimonie/.bbxb/toolchain/bin/pkg-config --version
0.29.2

PKG_CONFIG_LIBDIR=/home/desimonie/.bbxb/lfs/rpi3-aarch64/binaries/lib/aarch64-linux-gnu/pkgconfig:/home/desimonie/.bbxb/lfs/rpi3-aarch64/binaries/usr/lib/aarch64-linux-gnu/pkgconfig:/home/desimonie/.bbxb/lfs/rpi3-aarch64/binaries/usr/share/pkgconfig \
PKG_CONFIG_SYSROOT_DIR=/home/desimonie/.bbxb/lfs/rpi3-aarch64/binaries \
/home/desimonie/.bbxb/toolchain/bin/pkg-config --print-errors --short-errors --exists ncurses

PKG_CONFIG_LIBDIR=/home/desimonie/.bbxb/lfs/rpi3-aarch64/binaries/lib/aarch64-linux-gnu/pkgconfig:/home/desimonie/.bbxb/lfs/rpi3-aarch64/binaries/usr/lib/aarch64-linux-gnu/pkgconfig:/home/desimonie/.bbxb/lfs/rpi3-aarch64/binaries/usr/share/pkgconfig \
PKG_CONFIG_SYSROOT_DIR=/home/desimonie/.bbxb/lfs/rpi3-aarch64/binaries \
/home/desimonie/.bbxb/toolchain/bin/pkg-config --version
0.29.2

PKG_CONFIG_LIBDIR=/home/desimonie/.bbxb/lfs/rpi3-aarch64/binaries/lib/aarch64-linux-gnu/pkgconfig:/home/desimonie/.bbxb/lfs/rpi3-aarch64/binaries/usr/lib/aarch64-linux-gnu/pkgconfig:/home/desimonie/.bbxb/lfs/rpi3-aarch64/binaries/usr/share/pkgconfig \
PKG_CONFIG_SYSROOT_DIR=/home/desimonie/.bbxb/lfs/rpi3-aarch64/binaries \
/home/desimonie/.bbxb/toolchain/bin/pkg-config --version
0.29.2

PKG_CONFIG_LIBDIR=/home/desimonie/.bbxb/lfs/rpi3-aarch64/binaries/lib/aarch64-linux-gnu/pkgconfig:/home/desimonie/.bbxb/lfs/rpi3-aarch64/binaries/usr/lib/aarch64-linux-gnu/pkgconfig:/home/desimonie/.bbxb/lfs/rpi3-aarch64/binaries/usr/share/pkgconfig \
PKG_CONFIG_SYSROOT_DIR=/home/desimonie/.bbxb/lfs/rpi3-aarch64/binaries \
/home/desimonie/.bbxb/toolchain/bin/pkg-config --print-errors --short-errors --exists libxml-2.0

PKG_CONFIG_LIBDIR=/home/desimonie/.bbxb/lfs/rpi3-aarch64/binaries/lib/aarch64-linux-gnu/pkgconfig:/home/desimonie/.bbxb/lfs/rpi3-aarch64/binaries/usr/lib/aarch64-linux-gnu/pkgconfig:/home/desimonie/.bbxb/lfs/rpi3-aarch64/binaries/usr/share/pkgconfig \
PKG_CONFIG_SYSROOT_DIR=/home/desimonie/.bbxb/lfs/rpi3-aarch64/binaries \
/home/desimonie/.bbxb/toolchain/bin/pkg-config --modversion libxml-2.0
2.10.1

PKG_CONFIG_LIBDIR=/home/desimonie/.bbxb/lfs/rpi3-aarch64/binaries/lib/aarch64-linux-gnu/pkgconfig:/home/desimonie/.bbxb/lfs/rpi3-aarch64/binaries/usr/lib/aarch64-linux-gnu/pkgconfig:/home/desimonie/.bbxb/lfs/rpi3-aarch64/binaries/usr/share/pkgconfig \
PKG_CONFIG_SYSROOT_DIR=/home/desimonie/.bbxb/lfs/rpi3-aarch64/binaries \
/home/desimonie/.bbxb/toolchain/bin/pkg-config --variable=prefix libxml-2.0
/usr

PKG_CONFIG_LIBDIR=/home/desimonie/.bbxb/lfs/rpi3-aarch64/binaries/lib/aarch64-linux-gnu/pkgconfig:/home/desimonie/.bbxb/lfs/rpi3-aarch64/binaries/usr/lib/aarch64-linux-gnu/pkgconfig:/home/desimonie/.bbxb/lfs/rpi3-aarch64/binaries/usr/share/pkgconfig \
PKG_CONFIG_SYSROOT_DIR=/home/desimonie/.bbxb/lfs/rpi3-aarch64/binaries \
/home/desimonie/.bbxb/toolchain/bin/pkg-config --variable=includedir libxml-2.0
/usr/include

PKG_CONFIG_LIBDIR=/home/desimonie/.bbxb/lfs/rpi3-aarch64/binaries/lib/aarch64-linux-gnu/pkgconfig:/home/desimonie/.bbxb/lfs/rpi3-aarch64/binaries/usr/lib/aarch64-linux-gnu/pkgconfig:/home/desimonie/.bbxb/lfs/rpi3-aarch64/binaries/usr/share/pkgconfig \
PKG_CONFIG_SYSROOT_DIR=/home/desimonie/.bbxb/lfs/rpi3-aarch64/binaries \
/home/desimonie/.bbxb/toolchain/bin/pkg-config --variable=libdir libxml-2.0
/usr/lib/aarch64-linux-gnu

PKG_CONFIG_LIBDIR=/home/desimonie/.bbxb/lfs/rpi3-aarch64/binaries/lib/aarch64-linux-gnu/pkgconfig:/home/desimonie/.bbxb/lfs/rpi3-aarch64/binaries/usr/lib/aarch64-linux-gnu/pkgconfig:/home/desimonie/.bbxb/lfs/rpi3-aarch64/binaries/usr/share/pkgconfig \
PKG_CONFIG_SYSROOT_DIR=/home/desimonie/.bbxb/lfs/rpi3-aarch64/binaries \
/home/desimonie/.bbxb/toolchain/bin/pkg-config --libs-only-l libxml-2.0
-lxml2

PKG_CONFIG_LIBDIR=/home/desimonie/.bbxb/lfs/rpi3-aarch64/binaries/lib/aarch64-linux-gnu/pkgconfig:/home/desimonie/.bbxb/lfs/rpi3-aarch64/binaries/usr/lib/aarch64-linux-gnu/pkgconfig:/home/desimonie/.bbxb/lfs/rpi3-aarch64/binaries/usr/share/pkgconfig \
PKG_CONFIG_SYSROOT_DIR=/home/desimonie/.bbxb/lfs/rpi3-aarch64/binaries \
/home/desimonie/.bbxb/toolchain/bin/pkg-config --static --libs-only-l libxml-2.0
-lxml2 -lz -llzma -licui18n -licuuc -licudata -lm

PKG_CONFIG_LIBDIR=/home/desimonie/.bbxb/lfs/rpi3-aarch64/binaries/lib/aarch64-linux-gnu/pkgconfig:/home/desimonie/.bbxb/lfs/rpi3-aarch64/binaries/usr/lib/aarch64-linux-gnu/pkgconfig:/home/desimonie/.bbxb/lfs/rpi3-aarch64/binaries/usr/share/pkgconfig \
PKG_CONFIG_SYSROOT_DIR=/home/desimonie/.bbxb/lfs/rpi3-aarch64/binaries \
/home/desimonie/.bbxb/toolchain/bin/pkg-config --libs-only-L libxml-2.0
-L/home/desimonie/.bbxb/lfs/rpi3-aarch64/binaries/usr/lib/aarch64-linux-gnu

PKG_CONFIG_LIBDIR=/home/desimonie/.bbxb/lfs/rpi3-aarch64/binaries/lib/aarch64-linux-gnu/pkgconfig:/home/desimonie/.bbxb/lfs/rpi3-aarch64/binaries/usr/lib/aarch64-linux-gnu/pkgconfig:/home/desimonie/.bbxb/lfs/rpi3-aarch64/binaries/usr/share/pkgconfig \
PKG_CONFIG_SYSROOT_DIR=/home/desimonie/.bbxb/lfs/rpi3-aarch64/binaries \
/home/desimonie/.bbxb/toolchain/bin/pkg-config --static --libs-only-L libxml-2.0
-L/home/desimonie/.bbxb/lfs/rpi3-aarch64/binaries/usr/lib/aarch64-linux-gnu -L/home/desimonie/.bbxb/lfs/rpi3-aarch64/binaries/home/desimonie/.bbxb/lfs/rpi3-aarch64/binaries/usr/lib/aarch64-linux-gnu

PKG_CONFIG_LIBDIR=/home/desimonie/.bbxb/lfs/rpi3-aarch64/binaries/lib/aarch64-linux-gnu/pkgconfig:/home/desimonie/.bbxb/lfs/rpi3-aarch64/binaries/usr/lib/aarch64-linux-gnu/pkgconfig:/home/desimonie/.bbxb/lfs/rpi3-aarch64/binaries/usr/share/pkgconfig \
PKG_CONFIG_SYSROOT_DIR=/home/desimonie/.bbxb/lfs/rpi3-aarch64/binaries \
/home/desimonie/.bbxb/toolchain/bin/pkg-config --libs libxml-2.0
-L/home/desimonie/.bbxb/lfs/rpi3-aarch64/binaries/usr/lib/aarch64-linux-gnu -lxml2

PKG_CONFIG_LIBDIR=/home/desimonie/.bbxb/lfs/rpi3-aarch64/binaries/lib/aarch64-linux-gnu/pkgconfig:/home/desimonie/.bbxb/lfs/rpi3-aarch64/binaries/usr/lib/aarch64-linux-gnu/pkgconfig:/home/desimonie/.bbxb/lfs/rpi3-aarch64/binaries/usr/share/pkgconfig \
PKG_CONFIG_SYSROOT_DIR=/home/desimonie/.bbxb/lfs/rpi3-aarch64/binaries \
/home/desimonie/.bbxb/toolchain/bin/pkg-config --static --libs libxml-2.0
-L/home/desimonie/.bbxb/lfs/rpi3-aarch64/binaries/usr/lib/aarch64-linux-gnu -L/home/desimonie/.bbxb/lfs/rpi3-aarch64/binaries/home/desimonie/.bbxb/lfs/rpi3-aarch64/binaries/usr/lib/aarch64-linux-gnu -lxml2 -lz -llzma -licui18n -licuuc -licudata -lm

PKG_CONFIG_LIBDIR=/home/desimonie/.bbxb/lfs/rpi3-aarch64/binaries/lib/aarch64-linux-gnu/pkgconfig:/home/desimonie/.bbxb/lfs/rpi3-aarch64/binaries/usr/lib/aarch64-linux-gnu/pkgconfig:/home/desimonie/.bbxb/lfs/rpi3-aarch64/binaries/usr/share/pkgconfig \
PKG_CONFIG_SYSROOT_DIR=/home/desimonie/.bbxb/lfs/rpi3-aarch64/binaries \
/home/desimonie/.bbxb/toolchain/bin/pkg-config --libs-only-other libxml-2.0


PKG_CONFIG_LIBDIR=/home/desimonie/.bbxb/lfs/rpi3-aarch64/binaries/lib/aarch64-linux-gnu/pkgconfig:/home/desimonie/.bbxb/lfs/rpi3-aarch64/binaries/usr/lib/aarch64-linux-gnu/pkgconfig:/home/desimonie/.bbxb/lfs/rpi3-aarch64/binaries/usr/share/pkgconfig \
PKG_CONFIG_SYSROOT_DIR=/home/desimonie/.bbxb/lfs/rpi3-aarch64/binaries \
/home/desimonie/.bbxb/toolchain/bin/pkg-config --static --libs-only-other libxml-2.0


PKG_CONFIG_LIBDIR=/home/desimonie/.bbxb/lfs/rpi3-aarch64/binaries/lib/aarch64-linux-gnu/pkgconfig:/home/desimonie/.bbxb/lfs/rpi3-aarch64/binaries/usr/lib/aarch64-linux-gnu/pkgconfig:/home/desimonie/.bbxb/lfs/rpi3-aarch64/binaries/usr/share/pkgconfig \
PKG_CONFIG_SYSROOT_DIR=/home/desimonie/.bbxb/lfs/rpi3-aarch64/binaries \
/home/desimonie/.bbxb/toolchain/bin/pkg-config --cflags-only-I libxml-2.0
-I/home/desimonie/.bbxb/lfs/rpi3-aarch64/binaries/usr/include/libxml2

PKG_CONFIG_LIBDIR=/home/desimonie/.bbxb/lfs/rpi3-aarch64/binaries/lib/aarch64-linux-gnu/pkgconfig:/home/desimonie/.bbxb/lfs/rpi3-aarch64/binaries/usr/lib/aarch64-linux-gnu/pkgconfig:/home/desimonie/.bbxb/lfs/rpi3-aarch64/binaries/usr/share/pkgconfig \
PKG_CONFIG_SYSROOT_DIR=/home/desimonie/.bbxb/lfs/rpi3-aarch64/binaries \
/home/desimonie/.bbxb/toolchain/bin/pkg-config --static --cflags-only-I libxml-2.0
-I/home/desimonie/.bbxb/lfs/rpi3-aarch64/binaries/usr/include/libxml2

PKG_CONFIG_LIBDIR=/home/desimonie/.bbxb/lfs/rpi3-aarch64/binaries/lib/aarch64-linux-gnu/pkgconfig:/home/desimonie/.bbxb/lfs/rpi3-aarch64/binaries/usr/lib/aarch64-linux-gnu/pkgconfig:/home/desimonie/.bbxb/lfs/rpi3-aarch64/binaries/usr/share/pkgconfig \
PKG_CONFIG_SYSROOT_DIR=/home/desimonie/.bbxb/lfs/rpi3-aarch64/binaries \
/home/desimonie/.bbxb/toolchain/bin/pkg-config --cflags libxml-2.0
-I/home/desimonie/.bbxb/lfs/rpi3-aarch64/binaries/usr/include/libxml2

PKG_CONFIG_LIBDIR=/home/desimonie/.bbxb/lfs/rpi3-aarch64/binaries/lib/aarch64-linux-gnu/pkgconfig:/home/desimonie/.bbxb/lfs/rpi3-aarch64/binaries/usr/lib/aarch64-linux-gnu/pkgconfig:/home/desimonie/.bbxb/lfs/rpi3-aarch64/binaries/usr/share/pkgconfig \
PKG_CONFIG_SYSROOT_DIR=/home/desimonie/.bbxb/lfs/rpi3-aarch64/binaries \
/home/desimonie/.bbxb/toolchain/bin/pkg-config --static --cflags libxml-2.0
-I/home/desimonie/.bbxb/lfs/rpi3-aarch64/binaries/usr/include/libxml2

PKG_CONFIG_LIBDIR=/home/desimonie/.bbxb/lfs/rpi3-aarch64/binaries/lib/aarch64-linux-gnu/pkgconfig:/home/desimonie/.bbxb/lfs/rpi3-aarch64/binaries/usr/lib/aarch64-linux-gnu/pkgconfig:/home/desimonie/.bbxb/lfs/rpi3-aarch64/binaries/usr/share/pkgconfig \
PKG_CONFIG_SYSROOT_DIR=/home/desimonie/.bbxb/lfs/rpi3-aarch64/binaries \
/home/desimonie/.bbxb/toolchain/bin/pkg-config --cflags-only-other libxml-2.0


PKG_CONFIG_LIBDIR=/home/desimonie/.bbxb/lfs/rpi3-aarch64/binaries/lib/aarch64-linux-gnu/pkgconfig:/home/desimonie/.bbxb/lfs/rpi3-aarch64/binaries/usr/lib/aarch64-linux-gnu/pkgconfig:/home/desimonie/.bbxb/lfs/rpi3-aarch64/binaries/usr/share/pkgconfig \
PKG_CONFIG_SYSROOT_DIR=/home/desimonie/.bbxb/lfs/rpi3-aarch64/binaries \
/home/desimonie/.bbxb/toolchain/bin/pkg-config --static --cflags-only-other libxml-2.0


PKG_CONFIG_LIBDIR=/home/desimonie/.bbxb/lfs/rpi3-aarch64/binaries/lib/aarch64-linux-gnu/pkgconfig:/home/desimonie/.bbxb/lfs/rpi3-aarch64/binaries/usr/lib/aarch64-linux-gnu/pkgconfig:/home/desimonie/.bbxb/lfs/rpi3-aarch64/binaries/usr/share/pkgconfig \
PKG_CONFIG_SYSROOT_DIR=/home/desimonie/.bbxb/lfs/rpi3-aarch64/binaries \
/home/desimonie/.bbxb/toolchain/bin/pkg-config --version
0.29.2

PKG_CONFIG_LIBDIR=/home/desimonie/.bbxb/lfs/rpi3-aarch64/binaries/lib/aarch64-linux-gnu/pkgconfig:/home/desimonie/.bbxb/lfs/rpi3-aarch64/binaries/usr/lib/aarch64-linux-gnu/pkgconfig:/home/desimonie/.bbxb/lfs/rpi3-aarch64/binaries/usr/share/pkgconfig \
PKG_CONFIG_SYSROOT_DIR=/home/desimonie/.bbxb/lfs/rpi3-aarch64/binaries \
/home/desimonie/.bbxb/toolchain/bin/pkg-config --print-errors --short-errors --exists libedit

PKG_CONFIG_LIBDIR=/home/desimonie/.bbxb/lfs/rpi3-aarch64/binaries/lib/aarch64-linux-gnu/pkgconfig:/home/desimonie/.bbxb/lfs/rpi3-aarch64/binaries/usr/lib/aarch64-linux-gnu/pkgconfig:/home/desimonie/.bbxb/lfs/rpi3-aarch64/binaries/usr/share/pkgconfig \
PKG_CONFIG_SYSROOT_DIR=/home/desimonie/.bbxb/lfs/rpi3-aarch64/binaries \
/home/desimonie/.bbxb/toolchain/bin/pkg-config --version
0.29.2

PKG_CONFIG_LIBDIR=/home/desimonie/.bbxb/lfs/rpi3-aarch64/binaries/lib/aarch64-linux-gnu/pkgconfig:/home/desimonie/.bbxb/lfs/rpi3-aarch64/binaries/usr/lib/aarch64-linux-gnu/pkgconfig:/home/desimonie/.bbxb/lfs/rpi3-aarch64/binaries/usr/share/pkgconfig \
PKG_CONFIG_SYSROOT_DIR=/home/desimonie/.bbxb/lfs/rpi3-aarch64/binaries \
/home/desimonie/.bbxb/toolchain/bin/pkg-config --print-errors --short-errors --exists libedit

PKG_CONFIG_LIBDIR=/home/desimonie/.bbxb/lfs/rpi3-aarch64/binaries/lib/aarch64-linux-gnu/pkgconfig:/home/desimonie/.bbxb/lfs/rpi3-aarch64/binaries/usr/lib/aarch64-linux-gnu/pkgconfig:/home/desimonie/.bbxb/lfs/rpi3-aarch64/binaries/usr/share/pkgconfig \
PKG_CONFIG_SYSROOT_DIR=/home/desimonie/.bbxb/lfs/rpi3-aarch64/binaries \
/home/desimonie/.bbxb/toolchain/bin/pkg-config --version
0.29.2

PKG_CONFIG_LIBDIR=/home/desimonie/.bbxb/lfs/rpi3-aarch64/binaries/lib/aarch64-linux-gnu/pkgconfig:/home/desimonie/.bbxb/lfs/rpi3-aarch64/binaries/usr/lib/aarch64-linux-gnu/pkgconfig:/home/desimonie/.bbxb/lfs/rpi3-aarch64/binaries/usr/share/pkgconfig \
PKG_CONFIG_SYSROOT_DIR=/home/desimonie/.bbxb/lfs/rpi3-aarch64/binaries \
/home/desimonie/.bbxb/toolchain/bin/pkg-config --print-errors --short-errors --exists ncurses

PKG_CONFIG_LIBDIR=/home/desimonie/.bbxb/lfs/rpi3-aarch64/binaries/lib/aarch64-linux-gnu/pkgconfig:/home/desimonie/.bbxb/lfs/rpi3-aarch64/binaries/usr/lib/aarch64-linux-gnu/pkgconfig:/home/desimonie/.bbxb/lfs/rpi3-aarch64/binaries/usr/share/pkgconfig \
PKG_CONFIG_SYSROOT_DIR=/home/desimonie/.bbxb/lfs/rpi3-aarch64/binaries \
/home/desimonie/.bbxb/toolchain/bin/pkg-config --version
0.29.2

PKG_CONFIG_LIBDIR=/home/desimonie/.bbxb/lfs/rpi3-aarch64/binaries/lib/aarch64-linux-gnu/pkgconfig:/home/desimonie/.bbxb/lfs/rpi3-aarch64/binaries/usr/lib/aarch64-linux-gnu/pkgconfig:/home/desimonie/.bbxb/lfs/rpi3-aarch64/binaries/usr/share/pkgconfig \
PKG_CONFIG_SYSROOT_DIR=/home/desimonie/.bbxb/lfs/rpi3-aarch64/binaries \
/home/desimonie/.bbxb/toolchain/bin/pkg-config --version
0.29.2

PKG_CONFIG_LIBDIR=/home/desimonie/.bbxb/lfs/rpi3-aarch64/binaries/lib/aarch64-linux-gnu/pkgconfig:/home/desimonie/.bbxb/lfs/rpi3-aarch64/binaries/usr/lib/aarch64-linux-gnu/pkgconfig:/home/desimonie/.bbxb/lfs/rpi3-aarch64/binaries/usr/share/pkgconfig \
PKG_CONFIG_SYSROOT_DIR=/home/desimonie/.bbxb/lfs/rpi3-aarch64/binaries \
/home/desimonie/.bbxb/toolchain/bin/pkg-config --print-errors --short-errors --exists libxml-2.0

PKG_CONFIG_LIBDIR=/home/desimonie/.bbxb/lfs/rpi3-aarch64/binaries/lib/aarch64-linux-gnu/pkgconfig:/home/desimonie/.bbxb/lfs/rpi3-aarch64/binaries/usr/lib/aarch64-linux-gnu/pkgconfig:/home/desimonie/.bbxb/lfs/rpi3-aarch64/binaries/usr/share/pkgconfig \
PKG_CONFIG_SYSROOT_DIR=/home/desimonie/.bbxb/lfs/rpi3-aarch64/binaries \
/home/desimonie/.bbxb/toolchain/bin/pkg-config --modversion libxml-2.0
2.10.1

PKG_CONFIG_LIBDIR=/home/desimonie/.bbxb/lfs/rpi3-aarch64/binaries/lib/aarch64-linux-gnu/pkgconfig:/home/desimonie/.bbxb/lfs/rpi3-aarch64/binaries/usr/lib/aarch64-linux-gnu/pkgconfig:/home/desimonie/.bbxb/lfs/rpi3-aarch64/binaries/usr/share/pkgconfig \
PKG_CONFIG_SYSROOT_DIR=/home/desimonie/.bbxb/lfs/rpi3-aarch64/binaries \
/home/desimonie/.bbxb/toolchain/bin/pkg-config --variable=prefix libxml-2.0
/usr

PKG_CONFIG_LIBDIR=/home/desimonie/.bbxb/lfs/rpi3-aarch64/binaries/lib/aarch64-linux-gnu/pkgconfig:/home/desimonie/.bbxb/lfs/rpi3-aarch64/binaries/usr/lib/aarch64-linux-gnu/pkgconfig:/home/desimonie/.bbxb/lfs/rpi3-aarch64/binaries/usr/share/pkgconfig \
PKG_CONFIG_SYSROOT_DIR=/home/desimonie/.bbxb/lfs/rpi3-aarch64/binaries \
/home/desimonie/.bbxb/toolchain/bin/pkg-config --variable=includedir libxml-2.0
/usr/include

PKG_CONFIG_LIBDIR=/home/desimonie/.bbxb/lfs/rpi3-aarch64/binaries/lib/aarch64-linux-gnu/pkgconfig:/home/desimonie/.bbxb/lfs/rpi3-aarch64/binaries/usr/lib/aarch64-linux-gnu/pkgconfig:/home/desimonie/.bbxb/lfs/rpi3-aarch64/binaries/usr/share/pkgconfig \
PKG_CONFIG_SYSROOT_DIR=/home/desimonie/.bbxb/lfs/rpi3-aarch64/binaries \
/home/desimonie/.bbxb/toolchain/bin/pkg-config --variable=libdir libxml-2.0
/usr/lib/aarch64-linux-gnu

PKG_CONFIG_LIBDIR=/home/desimonie/.bbxb/lfs/rpi3-aarch64/binaries/lib/aarch64-linux-gnu/pkgconfig:/home/desimonie/.bbxb/lfs/rpi3-aarch64/binaries/usr/lib/aarch64-linux-gnu/pkgconfig:/home/desimonie/.bbxb/lfs/rpi3-aarch64/binaries/usr/share/pkgconfig \
PKG_CONFIG_SYSROOT_DIR=/home/desimonie/.bbxb/lfs/rpi3-aarch64/binaries \
/home/desimonie/.bbxb/toolchain/bin/pkg-config --libs-only-l libxml-2.0
-lxml2

PKG_CONFIG_LIBDIR=/home/desimonie/.bbxb/lfs/rpi3-aarch64/binaries/lib/aarch64-linux-gnu/pkgconfig:/home/desimonie/.bbxb/lfs/rpi3-aarch64/binaries/usr/lib/aarch64-linux-gnu/pkgconfig:/home/desimonie/.bbxb/lfs/rpi3-aarch64/binaries/usr/share/pkgconfig \
PKG_CONFIG_SYSROOT_DIR=/home/desimonie/.bbxb/lfs/rpi3-aarch64/binaries \
/home/desimonie/.bbxb/toolchain/bin/pkg-config --static --libs-only-l libxml-2.0
-lxml2 -lz -llzma -licui18n -licuuc -licudata -lm

PKG_CONFIG_LIBDIR=/home/desimonie/.bbxb/lfs/rpi3-aarch64/binaries/lib/aarch64-linux-gnu/pkgconfig:/home/desimonie/.bbxb/lfs/rpi3-aarch64/binaries/usr/lib/aarch64-linux-gnu/pkgconfig:/home/desimonie/.bbxb/lfs/rpi3-aarch64/binaries/usr/share/pkgconfig \
PKG_CONFIG_SYSROOT_DIR=/home/desimonie/.bbxb/lfs/rpi3-aarch64/binaries \
/home/desimonie/.bbxb/toolchain/bin/pkg-config --libs-only-L libxml-2.0
-L/home/desimonie/.bbxb/lfs/rpi3-aarch64/binaries/usr/lib/aarch64-linux-gnu

PKG_CONFIG_LIBDIR=/home/desimonie/.bbxb/lfs/rpi3-aarch64/binaries/lib/aarch64-linux-gnu/pkgconfig:/home/desimonie/.bbxb/lfs/rpi3-aarch64/binaries/usr/lib/aarch64-linux-gnu/pkgconfig:/home/desimonie/.bbxb/lfs/rpi3-aarch64/binaries/usr/share/pkgconfig \
PKG_CONFIG_SYSROOT_DIR=/home/desimonie/.bbxb/lfs/rpi3-aarch64/binaries \
/home/desimonie/.bbxb/toolchain/bin/pkg-config --static --libs-only-L libxml-2.0
-L/home/desimonie/.bbxb/lfs/rpi3-aarch64/binaries/usr/lib/aarch64-linux-gnu -L/home/desimonie/.bbxb/lfs/rpi3-aarch64/binaries/home/desimonie/.bbxb/lfs/rpi3-aarch64/binaries/usr/lib/aarch64-linux-gnu

PKG_CONFIG_LIBDIR=/home/desimonie/.bbxb/lfs/rpi3-aarch64/binaries/lib/aarch64-linux-gnu/pkgconfig:/home/desimonie/.bbxb/lfs/rpi3-aarch64/binaries/usr/lib/aarch64-linux-gnu/pkgconfig:/home/desimonie/.bbxb/lfs/rpi3-aarch64/binaries/usr/share/pkgconfig \
PKG_CONFIG_SYSROOT_DIR=/home/desimonie/.bbxb/lfs/rpi3-aarch64/binaries \
/home/desimonie/.bbxb/toolchain/bin/pkg-config --libs libxml-2.0
-L/home/desimonie/.bbxb/lfs/rpi3-aarch64/binaries/usr/lib/aarch64-linux-gnu -lxml2

PKG_CONFIG_LIBDIR=/home/desimonie/.bbxb/lfs/rpi3-aarch64/binaries/lib/aarch64-linux-gnu/pkgconfig:/home/desimonie/.bbxb/lfs/rpi3-aarch64/binaries/usr/lib/aarch64-linux-gnu/pkgconfig:/home/desimonie/.bbxb/lfs/rpi3-aarch64/binaries/usr/share/pkgconfig \
PKG_CONFIG_SYSROOT_DIR=/home/desimonie/.bbxb/lfs/rpi3-aarch64/binaries \
/home/desimonie/.bbxb/toolchain/bin/pkg-config --static --libs libxml-2.0
-L/home/desimonie/.bbxb/lfs/rpi3-aarch64/binaries/usr/lib/aarch64-linux-gnu -L/home/desimonie/.bbxb/lfs/rpi3-aarch64/binaries/home/desimonie/.bbxb/lfs/rpi3-aarch64/binaries/usr/lib/aarch64-linux-gnu -lxml2 -lz -llzma -licui18n -licuuc -licudata -lm

PKG_CONFIG_LIBDIR=/home/desimonie/.bbxb/lfs/rpi3-aarch64/binaries/lib/aarch64-linux-gnu/pkgconfig:/home/desimonie/.bbxb/lfs/rpi3-aarch64/binaries/usr/lib/aarch64-linux-gnu/pkgconfig:/home/desimonie/.bbxb/lfs/rpi3-aarch64/binaries/usr/share/pkgconfig \
PKG_CONFIG_SYSROOT_DIR=/home/desimonie/.bbxb/lfs/rpi3-aarch64/binaries \
/home/desimonie/.bbxb/toolchain/bin/pkg-config --libs-only-other libxml-2.0


PKG_CONFIG_LIBDIR=/home/desimonie/.bbxb/lfs/rpi3-aarch64/binaries/lib/aarch64-linux-gnu/pkgconfig:/home/desimonie/.bbxb/lfs/rpi3-aarch64/binaries/usr/lib/aarch64-linux-gnu/pkgconfig:/home/desimonie/.bbxb/lfs/rpi3-aarch64/binaries/usr/share/pkgconfig \
PKG_CONFIG_SYSROOT_DIR=/home/desimonie/.bbxb/lfs/rpi3-aarch64/binaries \
/home/desimonie/.bbxb/toolchain/bin/pkg-config --static --libs-only-other libxml-2.0


PKG_CONFIG_LIBDIR=/home/desimonie/.bbxb/lfs/rpi3-aarch64/binaries/lib/aarch64-linux-gnu/pkgconfig:/home/desimonie/.bbxb/lfs/rpi3-aarch64/binaries/usr/lib/aarch64-linux-gnu/pkgconfig:/home/desimonie/.bbxb/lfs/rpi3-aarch64/binaries/usr/share/pkgconfig \
PKG_CONFIG_SYSROOT_DIR=/home/desimonie/.bbxb/lfs/rpi3-aarch64/binaries \
/home/desimonie/.bbxb/toolchain/bin/pkg-config --cflags-only-I libxml-2.0
-I/home/desimonie/.bbxb/lfs/rpi3-aarch64/binaries/usr/include/libxml2

PKG_CONFIG_LIBDIR=/home/desimonie/.bbxb/lfs/rpi3-aarch64/binaries/lib/aarch64-linux-gnu/pkgconfig:/home/desimonie/.bbxb/lfs/rpi3-aarch64/binaries/usr/lib/aarch64-linux-gnu/pkgconfig:/home/desimonie/.bbxb/lfs/rpi3-aarch64/binaries/usr/share/pkgconfig \
PKG_CONFIG_SYSROOT_DIR=/home/desimonie/.bbxb/lfs/rpi3-aarch64/binaries \
/home/desimonie/.bbxb/toolchain/bin/pkg-config --static --cflags-only-I libxml-2.0
-I/home/desimonie/.bbxb/lfs/rpi3-aarch64/binaries/usr/include/libxml2

PKG_CONFIG_LIBDIR=/home/desimonie/.bbxb/lfs/rpi3-aarch64/binaries/lib/aarch64-linux-gnu/pkgconfig:/home/desimonie/.bbxb/lfs/rpi3-aarch64/binaries/usr/lib/aarch64-linux-gnu/pkgconfig:/home/desimonie/.bbxb/lfs/rpi3-aarch64/binaries/usr/share/pkgconfig \
PKG_CONFIG_SYSROOT_DIR=/home/desimonie/.bbxb/lfs/rpi3-aarch64/binaries \
/home/desimonie/.bbxb/toolchain/bin/pkg-config --cflags libxml-2.0
-I/home/desimonie/.bbxb/lfs/rpi3-aarch64/binaries/usr/include/libxml2

PKG_CONFIG_LIBDIR=/home/desimonie/.bbxb/lfs/rpi3-aarch64/binaries/lib/aarch64-linux-gnu/pkgconfig:/home/desimonie/.bbxb/lfs/rpi3-aarch64/binaries/usr/lib/aarch64-linux-gnu/pkgconfig:/home/desimonie/.bbxb/lfs/rpi3-aarch64/binaries/usr/share/pkgconfig \
PKG_CONFIG_SYSROOT_DIR=/home/desimonie/.bbxb/lfs/rpi3-aarch64/binaries \
/home/desimonie/.bbxb/toolchain/bin/pkg-config --static --cflags libxml-2.0
-I/home/desimonie/.bbxb/lfs/rpi3-aarch64/binaries/usr/include/libxml2

PKG_CONFIG_LIBDIR=/home/desimonie/.bbxb/lfs/rpi3-aarch64/binaries/lib/aarch64-linux-gnu/pkgconfig:/home/desimonie/.bbxb/lfs/rpi3-aarch64/binaries/usr/lib/aarch64-linux-gnu/pkgconfig:/home/desimonie/.bbxb/lfs/rpi3-aarch64/binaries/usr/share/pkgconfig \
PKG_CONFIG_SYSROOT_DIR=/home/desimonie/.bbxb/lfs/rpi3-aarch64/binaries \
/home/desimonie/.bbxb/toolchain/bin/pkg-config --cflags-only-other libxml-2.0


PKG_CONFIG_LIBDIR=/home/desimonie/.bbxb/lfs/rpi3-aarch64/binaries/lib/aarch64-linux-gnu/pkgconfig:/home/desimonie/.bbxb/lfs/rpi3-aarch64/binaries/usr/lib/aarch64-linux-gnu/pkgconfig:/home/desimonie/.bbxb/lfs/rpi3-aarch64/binaries/usr/share/pkgconfig \
PKG_CONFIG_SYSROOT_DIR=/home/desimonie/.bbxb/lfs/rpi3-aarch64/binaries \
/home/desimonie/.bbxb/toolchain/bin/pkg-config --static --cflags-only-other libxml-2.0


PKG_CONFIG_LIBDIR=/home/desimonie/.bbxb/lfs/rpi3-aarch64/binaries/lib/aarch64-linux-gnu/pkgconfig:/home/desimonie/.bbxb/lfs/rpi3-aarch64/binaries/usr/lib/aarch64-linux-gnu/pkgconfig:/home/desimonie/.bbxb/lfs/rpi3-aarch64/binaries/usr/share/pkgconfig \
PKG_CONFIG_SYSROOT_DIR=/home/desimonie/.bbxb/lfs/rpi3-aarch64/binaries \
/home/desimonie/.bbxb/toolchain/bin/pkg-config --version
0.29.2

PKG_CONFIG_LIBDIR=/home/desimonie/.bbxb/lfs/rpi3-aarch64/binaries/lib/aarch64-linux-gnu/pkgconfig:/home/desimonie/.bbxb/lfs/rpi3-aarch64/binaries/usr/lib/aarch64-linux-gnu/pkgconfig:/home/desimonie/.bbxb/lfs/rpi3-aarch64/binaries/usr/share/pkgconfig \
PKG_CONFIG_SYSROOT_DIR=/home/desimonie/.bbxb/lfs/rpi3-aarch64/binaries \
/home/desimonie/.bbxb/toolchain/bin/pkg-config --print-errors --short-errors --exists libedit

PKG_CONFIG_LIBDIR=/home/desimonie/.bbxb/lfs/rpi3-aarch64/binaries/lib/aarch64-linux-gnu/pkgconfig:/home/desimonie/.bbxb/lfs/rpi3-aarch64/binaries/usr/lib/aarch64-linux-gnu/pkgconfig:/home/desimonie/.bbxb/lfs/rpi3-aarch64/binaries/usr/share/pkgconfig \
PKG_CONFIG_SYSROOT_DIR=/home/desimonie/.bbxb/lfs/rpi3-aarch64/binaries \
/home/desimonie/.bbxb/toolchain/bin/pkg-config --version
0.29.2

PKG_CONFIG_LIBDIR=/home/desimonie/.bbxb/lfs/rpi3-aarch64/binaries/lib/aarch64-linux-gnu/pkgconfig:/home/desimonie/.bbxb/lfs/rpi3-aarch64/binaries/usr/lib/aarch64-linux-gnu/pkgconfig:/home/desimonie/.bbxb/lfs/rpi3-aarch64/binaries/usr/share/pkgconfig \
PKG_CONFIG_SYSROOT_DIR=/home/desimonie/.bbxb/lfs/rpi3-aarch64/binaries \
/home/desimonie/.bbxb/toolchain/bin/pkg-config --print-errors --short-errors --exists libedit

PKG_CONFIG_LIBDIR=/home/desimonie/.bbxb/lfs/rpi3-aarch64/binaries/lib/aarch64-linux-gnu/pkgconfig:/home/desimonie/.bbxb/lfs/rpi3-aarch64/binaries/usr/lib/aarch64-linux-gnu/pkgconfig:/home/desimonie/.bbxb/lfs/rpi3-aarch64/binaries/usr/share/pkgconfig \
PKG_CONFIG_SYSROOT_DIR=/home/desimonie/.bbxb/lfs/rpi3-aarch64/binaries \
/home/desimonie/.bbxb/toolchain/bin/pkg-config --version
0.29.2

PKG_CONFIG_LIBDIR=/home/desimonie/.bbxb/lfs/rpi3-aarch64/binaries/lib/aarch64-linux-gnu/pkgconfig:/home/desimonie/.bbxb/lfs/rpi3-aarch64/binaries/usr/lib/aarch64-linux-gnu/pkgconfig:/home/desimonie/.bbxb/lfs/rpi3-aarch64/binaries/usr/share/pkgconfig \
PKG_CONFIG_SYSROOT_DIR=/home/desimonie/.bbxb/lfs/rpi3-aarch64/binaries \
/home/desimonie/.bbxb/toolchain/bin/pkg-config --print-errors --short-errors --exists ncurses

PKG_CONFIG_LIBDIR=/home/desimonie/.bbxb/lfs/rpi3-aarch64/binaries/lib/aarch64-linux-gnu/pkgconfig:/home/desimonie/.bbxb/lfs/rpi3-aarch64/binaries/usr/lib/aarch64-linux-gnu/pkgconfig:/home/desimonie/.bbxb/lfs/rpi3-aarch64/binaries/usr/share/pkgconfig \
PKG_CONFIG_SYSROOT_DIR=/home/desimonie/.bbxb/lfs/rpi3-aarch64/binaries \
/home/desimonie/.bbxb/toolchain/bin/pkg-config --version
0.29.2

